Starting synapse with args -m synapse.app.homeserver --config-path /data/homeserver.yaml
2022-08-16 06:46:16,143 - root - 343 - WARNING - main - ***** STARTING SERVER *****
2022-08-16 06:46:16,143 - root - 344 - WARNING - main - Server /usr/local/lib/python3.9/site-packages/synapse/app/homeserver.py version 1.64.0rc1
2022-08-16 06:46:16,143 - root - 349 - INFO - main - Server hostname: localhost
2022-08-16 06:46:16,143 - root - 350 - INFO - main - Instance name: master
2022-08-16 06:46:16,143 - synapse.app.homeserver - 376 - INFO - main - Setting up server
2022-08-16 06:46:16,143 - synapse.server - 306 - INFO - main - Setting up.
2022-08-16 06:46:16,144 - synapse.storage.prepare_database - 115 - INFO - main - ('main', 'state'): Checking existing schema version
2022-08-16 06:46:16,145 - synapse.storage.prepare_database - 145 - INFO - main - ('main', 'state'): Initialising new database
2022-08-16 06:46:16,162 - synapse.storage.prepare_database - 411 - INFO - main - Applying schema deltas for v55
2022-08-16 06:46:16,163 - synapse.storage.prepare_database - 519 - INFO - main - Applying schema 55/access_token_expiry.sql
2022-08-16 06:46:16,164 - synapse.storage.prepare_database - 519 - INFO - main - Applying schema 55/track_threepid_validations.sql
2022-08-16 06:46:16,164 - synapse.storage.prepare_database - 519 - INFO - main - Applying schema 55/users_alter_deactivated.sql
2022-08-16 06:46:16,165 - synapse.storage.prepare_database - 411 - INFO - main - Applying schema deltas for v56
2022-08-16 06:46:16,166 - synapse.storage.prepare_database - 519 - INFO - main - Applying schema 56/add_spans_to_device_lists.sql
2022-08-16 06:46:16,167 - synapse.storage.prepare_database - 519 - INFO - main - Applying schema 56/current_state_events_membership.sql
2022-08-16 06:46:16,168 - synapse.storage.prepare_database - 519 - INFO - main - Applying schema 56/current_state_events_membership_mk2.sql
2022-08-16 06:46:16,168 - synapse.storage.prepare_database - 519 - INFO - main - Applying schema 56/delete_keys_from_deleted_backups.sql
2022-08-16 06:46:16,169 - synapse.storage.prepare_database - 519 - INFO - main - Applying schema 56/destinations_failure_ts.sql
2022-08-16 06:46:16,170 - synapse.storage.prepare_database - 519 - INFO - main - Applying schema 56/device_stream_id_insert.sql
2022-08-16 06:46:16,170 - synapse.storage.prepare_database - 519 - INFO - main - Applying schema 56/devices_last_seen.sql
2022-08-16 06:46:16,173 - synapse.storage.prepare_database - 519 - INFO - main - Applying schema 56/drop_unused_event_tables.sql
2022-08-16 06:46:16,174 - synapse.storage.prepare_database - 519 - INFO - main - Applying schema 56/event_expiry.sql
2022-08-16 06:46:16,174 - synapse.storage.prepare_database - 519 - INFO - main - Applying schema 56/event_labels.sql
2022-08-16 06:46:16,174 - synapse.storage.prepare_database - 519 - INFO - main - Applying schema 56/event_labels_background_update.sql
2022-08-16 06:46:16,174 - synapse.storage.prepare_database - 519 - INFO - main - Applying schema 56/fix_room_keys_index.sql
2022-08-16 06:46:16,175 - synapse.storage.prepare_database - 519 - INFO - main - Applying schema 56/hidden_devices.sql
2022-08-16 06:46:16,176 - synapse.storage.prepare_database - 527 - INFO - main - Applying engine-specific schema 56/hidden_devices_fix.sql.sqlite
2022-08-16 06:46:16,180 - synapse.storage.prepare_database - 519 - INFO - main - Applying schema 56/nuke_empty_communities_from_db.sql
2022-08-16 06:46:16,181 - synapse.storage.prepare_database - 519 - INFO - main - Applying schema 56/public_room_list_idx.sql
2022-08-16 06:46:16,181 - synapse.storage.prepare_database - 519 - INFO - main - Applying schema 56/redaction_censor.sql
2022-08-16 06:46:16,182 - synapse.storage.prepare_database - 519 - INFO - main - Applying schema 56/redaction_censor2.sql
2022-08-16 06:46:16,183 - synapse.storage.prepare_database - 519 - INFO - main - Applying schema 56/redaction_censor4.sql
2022-08-16 06:46:16,184 - synapse.storage.prepare_database - 519 - INFO - main - Applying schema 56/remove_tombstoned_rooms_from_directory.sql
2022-08-16 06:46:16,184 - synapse.storage.prepare_database - 519 - INFO - main - Applying schema 56/room_key_etag.sql
2022-08-16 06:46:16,185 - synapse.storage.prepare_database - 519 - INFO - main - Applying schema 56/room_membership_idx.sql
2022-08-16 06:46:16,185 - synapse.storage.prepare_database - 519 - INFO - main - Applying schema 56/room_retention.sql
2022-08-16 06:46:16,186 - synapse.storage.prepare_database - 519 - INFO - main - Applying schema 56/signing_keys.sql
2022-08-16 06:46:16,186 - synapse.storage.prepare_database - 519 - INFO - main - Applying schema 56/signing_keys_nonunique_signatures.sql
2022-08-16 06:46:16,186 - synapse.storage.prepare_database - 519 - INFO - main - Applying schema 56/state_group_room_idx.sql
2022-08-16 06:46:16,187 - synapse.storage.prepare_database - 519 - INFO - main - Applying schema 56/stats_separated.sql
2022-08-16 06:46:16,189 - synapse.storage.prepare_database - 502 - INFO - main - Running 56/unique_user_filter_index.py:run_create
2022-08-16 06:46:16,193 - synapse.storage.prepare_database - 519 - INFO - main - Applying schema 56/user_external_ids.sql
2022-08-16 06:46:16,194 - synapse.storage.prepare_database - 519 - INFO - main - Applying schema 56/users_in_public_rooms_idx.sql
2022-08-16 06:46:16,194 - synapse.storage.prepare_database - 411 - INFO - main - Applying schema deltas for v57
2022-08-16 06:46:16,194 - synapse.storage.prepare_database - 519 - INFO - main - Applying schema 57/delete_old_current_state_events.sql
2022-08-16 06:46:16,195 - synapse.storage.prepare_database - 519 - INFO - main - Applying schema 57/device_list_remote_cache_stale.sql
2022-08-16 06:46:16,195 - synapse.storage.prepare_database - 502 - INFO - main - Running 57/local_current_membership.py:run_create
2022-08-16 06:46:16,195 - synapse.storage.prepare_database - 519 - INFO - main - Applying schema 57/remove_sent_outbound_pokes.sql
2022-08-16 06:46:16,196 - synapse.storage.prepare_database - 519 - INFO - main - Applying schema 57/rooms_version_column.sql
2022-08-16 06:46:16,197 - synapse.storage.prepare_database - 527 - INFO - main - Applying engine-specific schema 57/rooms_version_column_2.sql.sqlite
2022-08-16 06:46:16,197 - synapse.storage.prepare_database - 527 - INFO - main - Applying engine-specific schema 57/rooms_version_column_3.sql.sqlite
2022-08-16 06:46:16,197 - synapse.storage.prepare_database - 411 - INFO - main - Applying schema deltas for v58
2022-08-16 06:46:16,198 - synapse.storage.prepare_database - 519 - INFO - main - Applying schema 58/00background_update_ordering.sql
2022-08-16 06:46:16,199 - synapse.storage.prepare_database - 519 - INFO - main - Applying schema 58/02remove_dup_outbound_pokes.sql
2022-08-16 06:46:16,199 - synapse.storage.prepare_database - 519 - INFO - main - Applying schema 58/03persist_ui_auth.sql
2022-08-16 06:46:16,200 - synapse.storage.prepare_database - 502 - INFO - main - Running 58/06dlols_unique_idx.py:run_create
2022-08-16 06:46:16,200 - synapse.storage.v58_06dlols_unique_idx - 51 - INFO - main - Rebuilding device_lists_outbound_last_success with unique index
2022-08-16 06:46:16,208 - synapse.storage.prepare_database - 527 - INFO - main - Applying engine-specific schema 58/07add_method_to_thumbnail_constraint.sql.sqlite
2022-08-16 06:46:16,218 - synapse.storage.prepare_database - 519 - INFO - main - Applying schema 58/07persist_ui_auth_ips.sql
2022-08-16 06:46:16,218 - synapse.storage.prepare_database - 527 - INFO - main - Applying engine-specific schema 58/08_media_safe_from_quarantine.sql.sqlite
2022-08-16 06:46:16,219 - synapse.storage.prepare_database - 519 - INFO - main - Applying schema 58/09shadow_ban.sql
2022-08-16 06:46:16,220 - synapse.storage.prepare_database - 519 - INFO - main - Applying schema 58/10_pushrules_enabled_delete_obsolete.sql
2022-08-16 06:46:16,221 - synapse.storage.prepare_database - 519 - INFO - main - Applying schema 58/10drop_local_rejections_stream.sql
2022-08-16 06:46:16,221 - synapse.storage.prepare_database - 519 - INFO - main - Applying schema 58/10federation_pos_instance_name.sql
2022-08-16 06:46:16,222 - synapse.storage.prepare_database - 519 - INFO - main - Applying schema 58/11dehydration.sql
2022-08-16 06:46:16,222 - synapse.storage.prepare_database - 519 - INFO - main - Applying schema 58/11fallback.sql
2022-08-16 06:46:16,222 - synapse.storage.prepare_database - 502 - INFO - main - Running 58/11user_id_seq.py:run_create
2022-08-16 06:46:16,223 - synapse.storage.prepare_database - 519 - INFO - main - Applying schema 58/12room_stats.sql
2022-08-16 06:46:16,223 - synapse.storage.prepare_database - 519 - INFO - main - Applying schema 58/13remove_presence_allow_inbound.sql
2022-08-16 06:46:16,223 - synapse.storage.prepare_database - 519 - INFO - main - Applying schema 58/14events_instance_name.sql
2022-08-16 06:46:16,224 - synapse.storage.prepare_database - 519 - INFO - main - Applying schema 58/15_catchup_destination_rooms.sql
2022-08-16 06:46:16,224 - synapse.storage.prepare_database - 519 - INFO - main - Applying schema 58/15unread_count.sql
2022-08-16 06:46:16,228 - synapse.storage.prepare_database - 519 - INFO - main - Applying schema 58/16populate_stats_process_rooms_fix.sql
2022-08-16 06:46:16,228 - synapse.storage.prepare_database - 519 - INFO - main - Applying schema 58/17_catchup_last_successful.sql
2022-08-16 06:46:16,229 - synapse.storage.prepare_database - 519 - INFO - main - Applying schema 58/18stream_positions.sql
2022-08-16 06:46:16,230 - synapse.storage.prepare_database - 519 - INFO - main - Applying schema 58/19txn_id.sql
2022-08-16 06:46:16,230 - synapse.storage.prepare_database - 519 - INFO - main - Applying schema 58/20instance_name_event_tables.sql
2022-08-16 06:46:16,232 - synapse.storage.prepare_database - 519 - INFO - main - Applying schema 58/20user_daily_visits.sql
2022-08-16 06:46:16,233 - synapse.storage.prepare_database - 519 - INFO - main - Applying schema 58/21as_device_stream.sql
2022-08-16 06:46:16,236 - synapse.storage.prepare_database - 519 - INFO - main - Applying schema 58/21drop_device_max_stream_id.sql
2022-08-16 06:46:16,236 - synapse.storage.prepare_database - 519 - INFO - main - Applying schema 58/22puppet_token.sql
2022-08-16 06:46:16,237 - synapse.storage.prepare_database - 519 - INFO - main - Applying schema 58/22users_have_local_media.sql
2022-08-16 06:46:16,237 - synapse.storage.prepare_database - 519 - INFO - main - Applying schema 58/23e2e_cross_signing_keys_idx.sql
2022-08-16 06:46:16,237 - synapse.storage.prepare_database - 519 - INFO - main - Applying schema 58/24drop_event_json_index.sql
2022-08-16 06:46:16,237 - synapse.storage.prepare_database - 519 - INFO - main - Applying schema 58/25user_external_ids_user_id_idx.sql
2022-08-16 06:46:16,238 - synapse.storage.prepare_database - 519 - INFO - main - Applying schema 58/26access_token_last_validated.sql
2022-08-16 06:46:16,239 - synapse.storage.prepare_database - 519 - INFO - main - Applying schema 58/27local_invites.sql
2022-08-16 06:46:16,239 - synapse.storage.prepare_database - 527 - INFO - main - Applying engine-specific schema 58/28drop_last_used_column.sql.sqlite
2022-08-16 06:46:16,248 - synapse.storage.prepare_database - 411 - INFO - main - Applying schema deltas for v59
2022-08-16 06:46:16,249 - synapse.storage.prepare_database - 502 - INFO - main - Running 59/01ignored_user.py:run_create
2022-08-16 06:46:16,249 - synapse.storage.v59_01ignored_user - 35 - INFO - main - Creating ignored_users table
2022-08-16 06:46:16,249 - synapse.storage.v59_01ignored_user - 45 - INFO - main - Converting existing ignore lists
2022-08-16 06:46:16,249 - synapse.storage.v59_01ignored_user - 61 - INFO - main - Adding constraints to ignored_users table
2022-08-16 06:46:16,250 - synapse.storage.prepare_database - 519 - INFO - main - Applying schema 59/02shard_send_to_device.sql
2022-08-16 06:46:16,253 - synapse.storage.prepare_database - 519 - INFO - main - Applying schema 59/04_event_auth_chains.sql
2022-08-16 06:46:16,255 - synapse.storage.prepare_database - 519 - INFO - main - Applying schema 59/04drop_account_data.sql
2022-08-16 06:46:16,255 - synapse.storage.prepare_database - 519 - INFO - main - Applying schema 59/05cache_invalidation.sql
2022-08-16 06:46:16,255 - synapse.storage.prepare_database - 519 - INFO - main - Applying schema 59/06chain_cover_index.sql
2022-08-16 06:46:16,255 - synapse.storage.prepare_database - 519 - INFO - main - Applying schema 59/06shard_account_data.sql
2022-08-16 06:46:16,259 - synapse.storage.prepare_database - 519 - INFO - main - Applying schema 59/07shard_account_data_fix.sql
2022-08-16 06:46:16,260 - synapse.storage.prepare_database - 519 - INFO - main - Applying schema 59/08delete_pushers_for_deactivated_accounts.sql
2022-08-16 06:46:16,260 - synapse.storage.prepare_database - 519 - INFO - main - Applying schema 59/08delete_stale_pushers.sql
2022-08-16 06:46:16,260 - synapse.storage.prepare_database - 519 - INFO - main - Applying schema 59/09rejected_events_metadata.sql
2022-08-16 06:46:16,260 - synapse.storage.prepare_database - 519 - INFO - main - Applying schema 59/10delete_purged_chain_cover.sql
2022-08-16 06:46:16,260 - synapse.storage.prepare_database - 519 - INFO - main - Applying schema 59/11add_knock_members_to_stats.sql
2022-08-16 06:46:16,263 - synapse.storage.prepare_database - 519 - INFO - main - Applying schema 59/12account_validity_token_used_ts_ms.sql
2022-08-16 06:46:16,264 - synapse.storage.prepare_database - 519 - INFO - main - Applying schema 59/12presence_stream_instance.sql
2022-08-16 06:46:16,265 - synapse.storage.prepare_database - 519 - INFO - main - Applying schema 59/13users_to_send_full_presence_to.sql
2022-08-16 06:46:16,265 - synapse.storage.prepare_database - 519 - INFO - main - Applying schema 59/14refresh_tokens.sql
2022-08-16 06:46:16,268 - synapse.storage.prepare_database - 519 - INFO - main - Applying schema 59/15locks.sql
2022-08-16 06:46:16,268 - synapse.storage.prepare_database - 519 - INFO - main - Applying schema 59/16federation_inbound_staging.sql
2022-08-16 06:46:16,268 - synapse.storage.prepare_database - 411 - INFO - main - Applying schema deltas for v60
2022-08-16 06:46:16,268 - synapse.storage.prepare_database - 411 - INFO - main - Applying schema deltas for v61
2022-08-16 06:46:16,269 - synapse.storage.prepare_database - 519 - INFO - main - Applying schema 61/01insertion_event_lookups.sql
2022-08-16 06:46:16,270 - synapse.storage.prepare_database - 519 - INFO - main - Applying schema 61/02drop_redundant_room_depth_index.sql
2022-08-16 06:46:16,270 - synapse.storage.prepare_database - 502 - INFO - main - Running 61/03recreate_min_depth.py:run_create
2022-08-16 06:46:16,270 - synapse.storage.prepare_database - 411 - INFO - main - Applying schema deltas for v62
2022-08-16 06:46:16,270 - synapse.storage.prepare_database - 519 - INFO - main - Applying schema 62/01insertion_event_extremities.sql
2022-08-16 06:46:16,270 - synapse.storage.prepare_database - 411 - INFO - main - Applying schema deltas for v63
2022-08-16 06:46:16,271 - synapse.storage.prepare_database - 519 - INFO - main - Applying schema 63/01create_registration_tokens.sql
2022-08-16 06:46:16,271 - synapse.storage.prepare_database - 519 - INFO - main - Applying schema 63/02delete_unlinked_email_pushers.sql
2022-08-16 06:46:16,271 - synapse.storage.prepare_database - 519 - INFO - main - Applying schema 63/02populate-rooms-creator.sql
2022-08-16 06:46:16,271 - synapse.storage.prepare_database - 519 - INFO - main - Applying schema 63/03session_store.sql
2022-08-16 06:46:16,271 - synapse.storage.prepare_database - 519 - INFO - main - Applying schema 63/04add_presence_stream_not_offline_index.sql
2022-08-16 06:46:16,272 - synapse.storage.prepare_database - 411 - INFO - main - Applying schema deltas for v64
2022-08-16 06:46:16,272 - synapse.storage.prepare_database - 527 - INFO - main - Applying engine-specific schema 64/01msc2716_chunk_to_batch_rename.sql.sqlite
2022-08-16 06:46:16,272 - synapse.storage.prepare_database - 411 - INFO - main - Applying schema deltas for v65
2022-08-16 06:46:16,273 - synapse.storage.prepare_database - 519 - INFO - main - Applying schema 65/01msc2716_insertion_event_edges.sql
2022-08-16 06:46:16,273 - synapse.storage.prepare_database - 519 - INFO - main - Applying schema 65/03remove_hidden_devices_from_device_inbox.sql
2022-08-16 06:46:16,273 - synapse.storage.prepare_database - 519 - INFO - main - Applying schema 65/04_local_group_updates.sql
2022-08-16 06:46:16,273 - synapse.storage.prepare_database - 519 - INFO - main - Applying schema 65/05_remove_room_stats_historical_and_user_stats_historical.sql
2022-08-16 06:46:16,274 - synapse.storage.prepare_database - 519 - INFO - main - Applying schema 65/06remove_deleted_devices_from_device_inbox.sql
2022-08-16 06:46:16,274 - synapse.storage.prepare_database - 519 - INFO - main - Applying schema 65/07_arbitrary_relations.sql
2022-08-16 06:46:16,274 - synapse.storage.prepare_database - 519 - INFO - main - Applying schema 65/08_device_inbox_background_updates.sql
2022-08-16 06:46:16,274 - synapse.storage.prepare_database - 519 - INFO - main - Applying schema 65/10_expirable_refresh_tokens.sql
2022-08-16 06:46:16,277 - synapse.storage.prepare_database - 519 - INFO - main - Applying schema 65/11_devices_auth_provider_session.sql
2022-08-16 06:46:16,277 - synapse.storage.prepare_database - 411 - INFO - main - Applying schema deltas for v66
2022-08-16 06:46:16,277 - synapse.storage.prepare_database - 411 - INFO - main - Applying schema deltas for v67
2022-08-16 06:46:16,277 - synapse.storage.prepare_database - 519 - INFO - main - Applying schema 67/01drop_public_room_list_stream.sql
2022-08-16 06:46:16,278 - synapse.storage.prepare_database - 411 - INFO - main - Applying schema deltas for v68
2022-08-16 06:46:16,278 - synapse.storage.prepare_database - 519 - INFO - main - Applying schema 68/01event_columns.sql
2022-08-16 06:46:16,280 - synapse.storage.prepare_database - 519 - INFO - main - Applying schema 68/02_msc2409_add_device_id_appservice_stream_type.sql
2022-08-16 06:46:16,282 - synapse.storage.prepare_database - 519 - INFO - main - Applying schema 68/03_delete_account_data_for_deactivated_accounts.sql
2022-08-16 06:46:16,282 - synapse.storage.prepare_database - 519 - INFO - main - Applying schema 68/04_refresh_tokens_index_next_token_id.sql
2022-08-16 06:46:16,282 - synapse.storage.prepare_database - 519 - INFO - main - Applying schema 68/04partial_state_rooms.sql
2022-08-16 06:46:16,283 - synapse.storage.prepare_database - 527 - INFO - main - Applying engine-specific schema 68/05_delete_non_strings_from_event_search.sql.sqlite
2022-08-16 06:46:16,283 - synapse.storage.prepare_database - 502 - INFO - main - Running 68/05partial_state_rooms_triggers.py:run_create
2022-08-16 06:46:16,283 - synapse.storage.prepare_database - 519 - INFO - main - Applying schema 68/06_msc3202_add_device_list_appservice_stream_type.sql
2022-08-16 06:46:16,284 - synapse.storage.prepare_database - 411 - INFO - main - Applying schema deltas for v69
2022-08-16 06:46:16,285 - synapse.storage.prepare_database - 502 - INFO - main - Running 69/01as_txn_seq.py:run_create
2022-08-16 06:46:16,285 - synapse.storage.prepare_database - 519 - INFO - main - Applying schema 69/01device_list_oubound_by_room.sql
2022-08-16 06:46:16,285 - synapse.storage.prepare_database - 519 - INFO - main - Applying schema 69/02cache_invalidation_index.sql
2022-08-16 06:46:16,285 - synapse.storage.prepare_database - 411 - INFO - main - Applying schema deltas for v70
2022-08-16 06:46:16,285 - synapse.storage.prepare_database - 519 - INFO - main - Applying schema 70/01clean_table_purged_rooms.sql
2022-08-16 06:46:16,286 - synapse.storage.prepare_database - 519 - INFO - main - Applying schema 70/08_state_group_edges_unique.sql
2022-08-16 06:46:16,286 - synapse.storage.prepare_database - 411 - INFO - main - Applying schema deltas for v71
2022-08-16 06:46:16,286 - synapse.storage.prepare_database - 527 - INFO - main - Applying engine-specific schema 71/01rebuild_event_edges.sql.sqlite
2022-08-16 06:46:16,291 - synapse.storage.prepare_database - 519 - INFO - main - Applying schema 71/01remove_noop_background_updates.sql
2022-08-16 06:46:16,291 - synapse.storage.prepare_database - 519 - INFO - main - Applying schema 71/02event_push_summary_unique.sql
2022-08-16 06:46:16,292 - synapse.storage.prepare_database - 411 - INFO - main - Applying schema deltas for v72
2022-08-16 06:46:16,292 - synapse.storage.prepare_database - 519 - INFO - main - Applying schema 72/01add_room_type_to_state_stats.sql
2022-08-16 06:46:16,294 - synapse.storage.prepare_database - 519 - INFO - main - Applying schema 72/01event_push_summary_receipt.sql
2022-08-16 06:46:16,295 - synapse.storage.prepare_database - 519 - INFO - main - Applying schema 72/02event_push_actions_index.sql
2022-08-16 06:46:16,296 - synapse.storage.prepare_database - 502 - INFO - main - Running 72/03bg_populate_events_columns.py:run_create
2022-08-16 06:46:16,296 - synapse.storage.prepare_database - 519 - INFO - main - Applying schema 72/03drop_event_reference_hashes.sql
2022-08-16 06:46:16,296 - synapse.storage.prepare_database - 519 - INFO - main - Applying schema 72/03remove_groups.sql
2022-08-16 06:46:16,297 - synapse.storage.prepare_database - 546 - INFO - main - Schema now up to date
2022-08-16 06:46:16,297 - synapse.storage.databases - 66 - INFO - main - [database config 'master']: Checking database server
2022-08-16 06:46:16,297 - synapse.storage.databases - 69 - INFO - main - [database config 'master']: Preparing for databases ['main', 'state']
2022-08-16 06:46:16,297 - synapse.storage.prepare_database - 115 - INFO - main - ['main', 'state']: Checking existing schema version
2022-08-16 06:46:16,298 - synapse.storage.prepare_database - 119 - INFO - main - ['main', 'state']: Existing schema is 72 (+6 deltas)
2022-08-16 06:46:16,298 - synapse.storage.databases.main - 304 - INFO - main - Checking database for consistency with configuration...
2022-08-16 06:46:16,298 - synapse.storage.prepare_database - 411 - INFO - main - Applying schema deltas for v72
2022-08-16 06:46:16,298 - synapse.storage.prepare_database - 546 - INFO - main - Schema now up to date
2022-08-16 06:46:16,298 - synapse.storage.databases - 84 - INFO - main - [database config 'master']: Starting 'main' database
2022-08-16 06:46:16,298 - synapse.storage.util.id_generators - 88 - INFO - main - Initialising stream generator for device_lists_stream(stream_id): 1
2022-08-16 06:46:16,299 - synapse.storage.util.id_generators - 88 - INFO - main - Initialising stream generator for user_signature_stream(stream_id): 1
2022-08-16 06:46:16,299 - synapse.storage.util.id_generators - 88 - INFO - main - Initialising stream generator for device_lists_outbound_pokes(stream_id): 1
2022-08-16 06:46:16,299 - synapse.storage.util.id_generators - 88 - INFO - main - Initialising stream generator for device_lists_changes_in_room(stream_id): 1
2022-08-16 06:46:16,299 - synapse.storage.util.id_generators - 88 - INFO - main - Initialising stream generator for receipts_linearized(stream_id): 1
2022-08-16 06:46:16,299 - synapse.storage.util.id_generators - 88 - INFO - main - Initialising stream generator for events(stream_ordering): 1
2022-08-16 06:46:16,299 - synapse.storage.util.id_generators - 88 - INFO - main - Initialising stream generator for events(stream_ordering): -1
2022-08-16 06:46:16,299 - synapse.storage.util.id_generators - 88 - INFO - main - Initialising stream generator for ex_outlier_stream(event_stream_ordering): -1
2022-08-16 06:46:16,300 - synapse.storage.util.id_generators - 88 - INFO - main - Initialising stream generator for device_inbox(stream_id): 1
2022-08-16 06:46:16,301 - synapse.storage.util.id_generators - 88 - INFO - main - Initialising stream generator for pushers(id): 1
2022-08-16 06:46:16,301 - synapse.storage.util.id_generators - 88 - INFO - main - Initialising stream generator for deleted_pushers(stream_id): 1
2022-08-16 06:46:16,301 - synapse.storage.util.id_generators - 88 - INFO - main - Initialising stream generator for push_rules_stream(stream_id): 1
2022-08-16 06:46:16,301 - synapse.storage.util.id_generators - 88 - INFO - main - Initialising stream generator for room_account_data(stream_id): 1
2022-08-16 06:46:16,301 - synapse.storage.util.id_generators - 88 - INFO - main - Initialising stream generator for room_tags_revisions(stream_id): 1
2022-08-16 06:46:16,301 - synapse.storage.util.id_generators - 88 - INFO - main - Initialising stream generator for e2e_cross_signing_keys(stream_id): 1
2022-08-16 06:46:16,301 - synapse.storage.databases.main.event_push_actions - 688 - INFO - main - Searching for stream ordering 1 month ago
2022-08-16 06:46:16,301 - synapse.storage.databases.main.event_push_actions - 692 - INFO - main - Found stream ordering 1 month ago: it's 0
2022-08-16 06:46:16,302 - synapse.storage.databases.main.event_push_actions - 695 - INFO - main - Searching for stream ordering 1 day ago
2022-08-16 06:46:16,302 - synapse.storage.databases.main.event_push_actions - 699 - INFO - main - Found stream ordering 1 day ago: it's 0
2022-08-16 06:46:16,302 - synapse.storage.util.id_generators - 88 - INFO - main - Initialising stream generator for push_rules(id): 1
2022-08-16 06:46:16,302 - synapse.storage.util.id_generators - 88 - INFO - main - Initialising stream generator for push_rules_enable(id): 1
2022-08-16 06:46:16,302 - synapse.storage.util.id_generators - 88 - INFO - main - Initialising stream generator for presence_stream(stream_id): 1
2022-08-16 06:46:16,302 - synapse.storage.util.id_generators - 88 - INFO - main - Initialising stream generator for access_tokens(id): 1
2022-08-16 06:46:16,302 - synapse.storage.util.id_generators - 88 - INFO - main - Initialising stream generator for refresh_tokens(id): 1
2022-08-16 06:46:16,302 - synapse.storage.util.id_generators - 88 - INFO - main - Initialising stream generator for event_reports(id): 1
2022-08-16 06:46:16,302 - synapse.storage.databases - 101 - INFO - main - [database config 'master']: Starting 'state' database
2022-08-16 06:46:16,303 - synapse.storage.databases - 116 - INFO - main - [database config 'master']: prepared
2022-08-16 06:46:16,303 - synapse.server - 309 - INFO - main - Finished setting up.
2022-08-16 06:46:16,312 - synapse.push.pusher - 38 - INFO - main - email enable notifs: False
2022-08-16 06:46:16,313 - synapse.federation.federation_server - 1365 - INFO - main - Registering federation EDU handler for 'm.device_list_update'
2022-08-16 06:46:16,313 - synapse.federation.federation_server - 1385 - INFO - main - Registering federation query handler for 'profile'
2022-08-16 06:46:16,314 - synapse.federation.federation_server - 1365 - INFO - main - Registering federation EDU handler for 'm.presence'
2022-08-16 06:46:16,314 - synapse.federation.federation_server - 1365 - INFO - main - Registering federation EDU handler for 'm.typing'
2022-08-16 06:46:16,315 - synapse.federation.federation_server - 1385 - INFO - main - Registering federation query handler for 'directory'
2022-08-16 06:46:16,315 - twisted - 274 - INFO - main - Redirected stdout/stderr to logs
2022-08-16 06:46:16,315 - synapse.app.homeserver - 167 - INFO - sentinel - Running
2022-08-16 06:46:16,317 - synapse.app.homeserver - 29 - INFO - sentinel - Set file limit to: 1048576
2022-08-16 06:46:16,317 - synapse.metrics._gc - 120 - INFO - sentinel - Collecting gc 1
2022-08-16 06:46:16,320 - synapse.handlers.deactivate_account - 230 - INFO - user_parter_loop-0 - Starting user parter
2022-08-16 06:46:16,325 - synapse.storage.prepare_database - 115 - INFO - db.on_new_connection - ('main', 'state'): Checking existing schema version
2022-08-16 06:46:16,328 - synapse.util.caches.lrucache - 225 - INFO - sentinel - Expiring LRU caches after 1800 seconds
2022-08-16 06:46:16,336 - synapse.federation.federation_server - 1365 - INFO - sentinel - Registering federation EDU handler for 'm.receipt'
2022-08-16 06:46:16,336 - synapse.federation.federation_server - 1365 - INFO - sentinel - Registering federation EDU handler for 'm.signing_key_update'
2022-08-16 06:46:16,336 - synapse.federation.federation_server - 1365 - INFO - sentinel - Registering federation EDU handler for 'org.matrix.signing_key_update'
2022-08-16 06:46:16,336 - synapse.federation.federation_server - 1385 - INFO - sentinel - Registering federation query handler for 'client_keys'
2022-08-16 06:46:16,336 - synapse.federation.federation_server - 1365 - INFO - sentinel - Registering federation EDU handler for 'm.direct_to_device'
2022-08-16 06:46:16,337 - synapse.util.httpresourcetree - 47 - INFO - sentinel - Attaching <synapse.rest.health.HealthResource object at 0x7fcdefea2880> to path b'/health'
2022-08-16 06:46:16,337 - synapse.util.httpresourcetree - 47 - INFO - sentinel - Attaching <synapse.rest.ClientRestResource object at 0x7fcdefea29a0> to path b'/_matrix/client'
2022-08-16 06:46:16,338 - synapse.util.httpresourcetree - 47 - INFO - sentinel - Attaching <twisted.web.resource.Resource object at 0x7fcdefe73160> to path b'/.well-known'
2022-08-16 06:46:16,338 - synapse.util.httpresourcetree - 47 - INFO - sentinel - Attaching <synapse.rest.admin.AdminRestResource object at 0x7fcdefe73340> to path b'/_synapse/admin'
2022-08-16 06:46:16,338 - synapse.util.httpresourcetree - 47 - INFO - sentinel - Attaching <synapse.rest.synapse.client.pick_idp.PickIdpResource object at 0x7fcdefe7ab80> to path b'/_synapse/client/pick_idp'
2022-08-16 06:46:16,338 - synapse.util.httpresourcetree - 47 - INFO - sentinel - Attaching <twisted.web.resource.Resource object at 0x7fcdefe7aac0> to path b'/_synapse/client/pick_username'
2022-08-16 06:46:16,338 - synapse.util.httpresourcetree - 47 - INFO - sentinel - Attaching <synapse.rest.synapse.client.new_user_consent.NewUserConsentResource object at 0x7fcdefe7aeb0> to path b'/_synapse/client/new_user_consent'
2022-08-16 06:46:16,338 - synapse.util.httpresourcetree - 47 - INFO - sentinel - Attaching <synapse.rest.synapse.client.sso_register.SsoRegisterResource object at 0x7fcdefe7aee0> to path b'/_synapse/client/sso_register'
2022-08-16 06:46:16,338 - synapse.util.httpresourcetree - 47 - INFO - sentinel - Attaching <synapse.rest.synapse.client.unsubscribe.UnsubscribeResource object at 0x7fcdefe83190> to path b'/_synapse/client/unsubscribe'
2022-08-16 06:46:16,338 - synapse.util.httpresourcetree - 47 - INFO - sentinel - Attaching FilePath('/usr/local/lib/python3.9/site-packages/synapse/static') to path b'/_matrix/static'
2022-08-16 06:46:16,338 - synapse.util.httpresourcetree - 47 - INFO - sentinel - Attaching <synapse.rest.media.v1.media_repository.MediaRepositoryResource object at 0x7fcdefe831c0> to path b'/_matrix/media/r0'
2022-08-16 06:46:16,338 - synapse.util.httpresourcetree - 47 - INFO - sentinel - Attaching <synapse.rest.media.v1.media_repository.MediaRepositoryResource object at 0x7fcdefe831c0> to path b'/_matrix/media/v3'
2022-08-16 06:46:16,338 - synapse.util.httpresourcetree - 47 - INFO - sentinel - Attaching <synapse.rest.media.v1.media_repository.MediaRepositoryResource object at 0x7fcdefe831c0> to path b'/_matrix/media/v1'
2022-08-16 06:46:16,338 - twisted - 274 - INFO - sentinel - SynapseSite starting on 8008
2022-08-16 06:46:16,339 - synapse.app.homeserver - 173 - INFO - sentinel - Synapse now listening on TCP port 8008
2022-08-16 06:46:16,384 - synapse.storage.background_updates - 288 - INFO - background_updates-0 - Starting background schema updates
2022-08-16 06:46:16,385 - synapse.storage.prepare_database - 145 - INFO - db.on_new_connection - ('main', 'state'): Initialising new database
2022-08-16 06:46:16,433 - synapse.storage.prepare_database - 411 - INFO - db.on_new_connection - Applying schema deltas for v55
2022-08-16 06:46:16,433 - synapse.storage.prepare_database - 519 - INFO - db.on_new_connection - Applying schema 55/access_token_expiry.sql
2022-08-16 06:46:16,436 - synapse.storage.prepare_database - 519 - INFO - db.on_new_connection - Applying schema 55/track_threepid_validations.sql
2022-08-16 06:46:16,440 - synapse.access.http.8008 - 450 - INFO - GET-1 - ::ffff:172.17.0.1 - 8008 - {None} Processed request: 0.001sec/0.001sec (0.001sec, 0.000sec) (0.000sec/0.000sec/0) 140B 200 "GET /_synapse/admin/v1/register HTTP/1.1" "Mozilla/5.0 (X11; Linux x86_64) AppleWebKit/537.36 (KHTML, like Gecko) Chrome/104.0.5112.79 Safari/537.36" [0 dbevts]
2022-08-16 06:46:16,441 - synapse.storage.prepare_database - 519 - INFO - db.on_new_connection - Applying schema 55/users_alter_deactivated.sql
2022-08-16 06:46:16,444 - synapse.storage.prepare_database - 411 - INFO - db.on_new_connection - Applying schema deltas for v56
2022-08-16 06:46:16,445 - synapse.storage.prepare_database - 519 - INFO - db.on_new_connection - Applying schema 56/add_spans_to_device_lists.sql
2022-08-16 06:46:16,448 - synapse.storage.prepare_database - 519 - INFO - db.on_new_connection - Applying schema 56/current_state_events_membership.sql
2022-08-16 06:46:16,451 - synapse.storage.prepare_database - 519 - INFO - db.on_new_connection - Applying schema 56/current_state_events_membership_mk2.sql
2022-08-16 06:46:16,451 - synapse.storage.prepare_database - 519 - INFO - db.on_new_connection - Applying schema 56/delete_keys_from_deleted_backups.sql
2022-08-16 06:46:16,452 - synapse.storage.prepare_database - 519 - INFO - db.on_new_connection - Applying schema 56/destinations_failure_ts.sql
2022-08-16 06:46:16,455 - synapse.storage.prepare_database - 519 - INFO - db.on_new_connection - Applying schema 56/device_stream_id_insert.sql
2022-08-16 06:46:16,456 - synapse.storage.prepare_database - 519 - INFO - db.on_new_connection - Applying schema 56/devices_last_seen.sql
2022-08-16 06:46:16,464 - synapse.storage.prepare_database - 519 - INFO - db.on_new_connection - Applying schema 56/drop_unused_event_tables.sql
2022-08-16 06:46:16,466 - synapse.storage.prepare_database - 519 - INFO - db.on_new_connection - Applying schema 56/event_expiry.sql
2022-08-16 06:46:16,466 - synapse.storage.prepare_database - 519 - INFO - db.on_new_connection - Applying schema 56/event_labels.sql
2022-08-16 06:46:16,467 - synapse.storage.prepare_database - 519 - INFO - db.on_new_connection - Applying schema 56/event_labels_background_update.sql
2022-08-16 06:46:16,467 - synapse.storage.prepare_database - 519 - INFO - db.on_new_connection - Applying schema 56/fix_room_keys_index.sql
2022-08-16 06:46:16,468 - synapse.storage.prepare_database - 519 - INFO - db.on_new_connection - Applying schema 56/hidden_devices.sql
2022-08-16 06:46:16,471 - synapse.storage.prepare_database - 527 - INFO - db.on_new_connection - Applying engine-specific schema 56/hidden_devices_fix.sql.sqlite
2022-08-16 06:46:16,478 - synapse.storage.prepare_database - 519 - INFO - db.on_new_connection - Applying schema 56/nuke_empty_communities_from_db.sql
2022-08-16 06:46:16,478 - synapse.storage.prepare_database - 519 - INFO - db.on_new_connection - Applying schema 56/public_room_list_idx.sql
2022-08-16 06:46:16,479 - synapse.storage.prepare_database - 519 - INFO - db.on_new_connection - Applying schema 56/redaction_censor.sql
2022-08-16 06:46:16,480 - synapse.storage.prepare_database - 519 - INFO - db.on_new_connection - Applying schema 56/redaction_censor2.sql
2022-08-16 06:46:16,481 - synapse.storage.prepare_database - 519 - INFO - db.on_new_connection - Applying schema 56/redaction_censor4.sql
2022-08-16 06:46:16,481 - synapse.storage.prepare_database - 519 - INFO - db.on_new_connection - Applying schema 56/remove_tombstoned_rooms_from_directory.sql
2022-08-16 06:46:16,481 - synapse.storage.prepare_database - 519 - INFO - db.on_new_connection - Applying schema 56/room_key_etag.sql
2022-08-16 06:46:16,482 - synapse.storage.prepare_database - 519 - INFO - db.on_new_connection - Applying schema 56/room_membership_idx.sql
2022-08-16 06:46:16,482 - synapse.storage.prepare_database - 519 - INFO - db.on_new_connection - Applying schema 56/room_retention.sql
2022-08-16 06:46:16,483 - synapse.storage.prepare_database - 519 - INFO - db.on_new_connection - Applying schema 56/signing_keys.sql
2022-08-16 06:46:16,483 - synapse.storage.prepare_database - 519 - INFO - db.on_new_connection - Applying schema 56/signing_keys_nonunique_signatures.sql
2022-08-16 06:46:16,484 - synapse.storage.prepare_database - 519 - INFO - db.on_new_connection - Applying schema 56/state_group_room_idx.sql
2022-08-16 06:46:16,484 - synapse.storage.prepare_database - 519 - INFO - db.on_new_connection - Applying schema 56/stats_separated.sql
2022-08-16 06:46:16,486 - synapse.storage.prepare_database - 502 - INFO - db.on_new_connection - Running 56/unique_user_filter_index.py:run_create
2022-08-16 06:46:16,490 - synapse.storage.prepare_database - 519 - INFO - db.on_new_connection - Applying schema 56/user_external_ids.sql
2022-08-16 06:46:16,490 - synapse.storage.prepare_database - 519 - INFO - db.on_new_connection - Applying schema 56/users_in_public_rooms_idx.sql
2022-08-16 06:46:16,491 - synapse.storage.prepare_database - 411 - INFO - db.on_new_connection - Applying schema deltas for v57
2022-08-16 06:46:16,491 - synapse.storage.prepare_database - 519 - INFO - db.on_new_connection - Applying schema 57/delete_old_current_state_events.sql
2022-08-16 06:46:16,491 - synapse.storage.prepare_database - 519 - INFO - db.on_new_connection - Applying schema 57/device_list_remote_cache_stale.sql
2022-08-16 06:46:16,492 - synapse.storage.prepare_database - 502 - INFO - db.on_new_connection - Running 57/local_current_membership.py:run_create
2022-08-16 06:46:16,492 - synapse.storage.prepare_database - 519 - INFO - db.on_new_connection - Applying schema 57/remove_sent_outbound_pokes.sql
2022-08-16 06:46:16,493 - synapse.storage.prepare_database - 519 - INFO - db.on_new_connection - Applying schema 57/rooms_version_column.sql
2022-08-16 06:46:16,494 - synapse.storage.prepare_database - 527 - INFO - db.on_new_connection - Applying engine-specific schema 57/rooms_version_column_2.sql.sqlite
2022-08-16 06:46:16,494 - synapse.storage.prepare_database - 527 - INFO - db.on_new_connection - Applying engine-specific schema 57/rooms_version_column_3.sql.sqlite
2022-08-16 06:46:16,495 - synapse.storage.prepare_database - 411 - INFO - db.on_new_connection - Applying schema deltas for v58
2022-08-16 06:46:16,495 - synapse.storage.prepare_database - 519 - INFO - db.on_new_connection - Applying schema 58/00background_update_ordering.sql
2022-08-16 06:46:16,497 - synapse.storage.prepare_database - 519 - INFO - db.on_new_connection - Applying schema 58/02remove_dup_outbound_pokes.sql
2022-08-16 06:46:16,497 - synapse.storage.prepare_database - 519 - INFO - db.on_new_connection - Applying schema 58/03persist_ui_auth.sql
2022-08-16 06:46:16,498 - synapse.storage.prepare_database - 502 - INFO - db.on_new_connection - Running 58/06dlols_unique_idx.py:run_create
2022-08-16 06:46:16,498 - synapse.storage.v58_06dlols_unique_idx - 51 - INFO - db.on_new_connection - Rebuilding device_lists_outbound_last_success with unique index
2022-08-16 06:46:16,502 - synapse.storage.prepare_database - 527 - INFO - db.on_new_connection - Applying engine-specific schema 58/07add_method_to_thumbnail_constraint.sql.sqlite
2022-08-16 06:46:16,512 - synapse.storage.prepare_database - 519 - INFO - db.on_new_connection - Applying schema 58/07persist_ui_auth_ips.sql
2022-08-16 06:46:16,512 - synapse.storage.prepare_database - 527 - INFO - db.on_new_connection - Applying engine-specific schema 58/08_media_safe_from_quarantine.sql.sqlite
2022-08-16 06:46:16,513 - synapse.storage.prepare_database - 519 - INFO - db.on_new_connection - Applying schema 58/09shadow_ban.sql
2022-08-16 06:46:16,515 - synapse.storage.prepare_database - 519 - INFO - db.on_new_connection - Applying schema 58/10_pushrules_enabled_delete_obsolete.sql
2022-08-16 06:46:16,515 - synapse.storage.prepare_database - 519 - INFO - db.on_new_connection - Applying schema 58/10drop_local_rejections_stream.sql
2022-08-16 06:46:16,515 - synapse.storage.prepare_database - 519 - INFO - db.on_new_connection - Applying schema 58/10federation_pos_instance_name.sql
2022-08-16 06:46:16,516 - synapse.storage.prepare_database - 519 - INFO - db.on_new_connection - Applying schema 58/11dehydration.sql
2022-08-16 06:46:16,517 - synapse.storage.prepare_database - 519 - INFO - db.on_new_connection - Applying schema 58/11fallback.sql
2022-08-16 06:46:16,517 - synapse.storage.prepare_database - 502 - INFO - db.on_new_connection - Running 58/11user_id_seq.py:run_create
2022-08-16 06:46:16,517 - synapse.storage.prepare_database - 519 - INFO - db.on_new_connection - Applying schema 58/12room_stats.sql
2022-08-16 06:46:16,517 - synapse.storage.prepare_database - 519 - INFO - db.on_new_connection - Applying schema 58/13remove_presence_allow_inbound.sql
2022-08-16 06:46:16,517 - synapse.storage.prepare_database - 519 - INFO - db.on_new_connection - Applying schema 58/14events_instance_name.sql
2022-08-16 06:46:16,519 - synapse.storage.prepare_database - 519 - INFO - db.on_new_connection - Applying schema 58/15_catchup_destination_rooms.sql
2022-08-16 06:46:16,519 - synapse.storage.prepare_database - 519 - INFO - db.on_new_connection - Applying schema 58/15unread_count.sql
2022-08-16 06:46:16,522 - synapse.storage.prepare_database - 519 - INFO - db.on_new_connection - Applying schema 58/16populate_stats_process_rooms_fix.sql
2022-08-16 06:46:16,523 - synapse.storage.prepare_database - 519 - INFO - db.on_new_connection - Applying schema 58/17_catchup_last_successful.sql
2022-08-16 06:46:16,524 - synapse.storage.prepare_database - 519 - INFO - db.on_new_connection - Applying schema 58/18stream_positions.sql
2022-08-16 06:46:16,524 - synapse.storage.prepare_database - 519 - INFO - db.on_new_connection - Applying schema 58/19txn_id.sql
2022-08-16 06:46:16,525 - synapse.storage.prepare_database - 519 - INFO - db.on_new_connection - Applying schema 58/20instance_name_event_tables.sql
2022-08-16 06:46:16,528 - synapse.storage.prepare_database - 519 - INFO - db.on_new_connection - Applying schema 58/20user_daily_visits.sql
2022-08-16 06:46:16,529 - synapse.storage.prepare_database - 519 - INFO - db.on_new_connection - Applying schema 58/21as_device_stream.sql
2022-08-16 06:46:16,531 - synapse.storage.prepare_database - 519 - INFO - db.on_new_connection - Applying schema 58/21drop_device_max_stream_id.sql
2022-08-16 06:46:16,531 - synapse.storage.prepare_database - 519 - INFO - db.on_new_connection - Applying schema 58/22puppet_token.sql
2022-08-16 06:46:16,533 - synapse.storage.prepare_database - 519 - INFO - db.on_new_connection - Applying schema 58/22users_have_local_media.sql
2022-08-16 06:46:16,533 - synapse.storage.prepare_database - 519 - INFO - db.on_new_connection - Applying schema 58/23e2e_cross_signing_keys_idx.sql
2022-08-16 06:46:16,533 - synapse.storage.prepare_database - 519 - INFO - db.on_new_connection - Applying schema 58/24drop_event_json_index.sql
2022-08-16 06:46:16,533 - synapse.storage.prepare_database - 519 - INFO - db.on_new_connection - Applying schema 58/25user_external_ids_user_id_idx.sql
2022-08-16 06:46:16,533 - synapse.storage.prepare_database - 519 - INFO - db.on_new_connection - Applying schema 58/26access_token_last_validated.sql
2022-08-16 06:46:16,535 - synapse.storage.prepare_database - 519 - INFO - db.on_new_connection - Applying schema 58/27local_invites.sql
2022-08-16 06:46:16,535 - synapse.storage.prepare_database - 527 - INFO - db.on_new_connection - Applying engine-specific schema 58/28drop_last_used_column.sql.sqlite
2022-08-16 06:46:16,545 - synapse.storage.prepare_database - 411 - INFO - db.on_new_connection - Applying schema deltas for v59
2022-08-16 06:46:16,545 - synapse.storage.prepare_database - 502 - INFO - db.on_new_connection - Running 59/01ignored_user.py:run_create
2022-08-16 06:46:16,545 - synapse.storage.v59_01ignored_user - 35 - INFO - db.on_new_connection - Creating ignored_users table
2022-08-16 06:46:16,546 - synapse.storage.v59_01ignored_user - 45 - INFO - db.on_new_connection - Converting existing ignore lists
2022-08-16 06:46:16,546 - synapse.storage.v59_01ignored_user - 61 - INFO - db.on_new_connection - Adding constraints to ignored_users table
2022-08-16 06:46:16,546 - synapse.storage.prepare_database - 519 - INFO - db.on_new_connection - Applying schema 59/02shard_send_to_device.sql
2022-08-16 06:46:16,550 - synapse.storage.prepare_database - 519 - INFO - db.on_new_connection - Applying schema 59/04_event_auth_chains.sql
2022-08-16 06:46:16,553 - synapse.storage.prepare_database - 519 - INFO - db.on_new_connection - Applying schema 59/04drop_account_data.sql
2022-08-16 06:46:16,553 - synapse.storage.prepare_database - 519 - INFO - db.on_new_connection - Applying schema 59/05cache_invalidation.sql
2022-08-16 06:46:16,553 - synapse.storage.prepare_database - 519 - INFO - db.on_new_connection - Applying schema 59/06chain_cover_index.sql
2022-08-16 06:46:16,553 - synapse.storage.prepare_database - 519 - INFO - db.on_new_connection - Applying schema 59/06shard_account_data.sql
2022-08-16 06:46:16,557 - synapse.storage.prepare_database - 519 - INFO - db.on_new_connection - Applying schema 59/07shard_account_data_fix.sql
2022-08-16 06:46:16,558 - synapse.storage.prepare_database - 519 - INFO - db.on_new_connection - Applying schema 59/08delete_pushers_for_deactivated_accounts.sql
2022-08-16 06:46:16,558 - synapse.storage.prepare_database - 519 - INFO - db.on_new_connection - Applying schema 59/08delete_stale_pushers.sql
2022-08-16 06:46:16,558 - synapse.storage.prepare_database - 519 - INFO - db.on_new_connection - Applying schema 59/09rejected_events_metadata.sql
2022-08-16 06:46:16,558 - synapse.storage.prepare_database - 519 - INFO - db.on_new_connection - Applying schema 59/10delete_purged_chain_cover.sql
2022-08-16 06:46:16,558 - synapse.storage.prepare_database - 519 - INFO - db.on_new_connection - Applying schema 59/11add_knock_members_to_stats.sql
2022-08-16 06:46:16,561 - synapse.storage.prepare_database - 519 - INFO - db.on_new_connection - Applying schema 59/12account_validity_token_used_ts_ms.sql
2022-08-16 06:46:16,562 - synapse.storage.prepare_database - 519 - INFO - db.on_new_connection - Applying schema 59/12presence_stream_instance.sql
2022-08-16 06:46:16,563 - synapse.storage.prepare_database - 519 - INFO - db.on_new_connection - Applying schema 59/13users_to_send_full_presence_to.sql
2022-08-16 06:46:16,564 - synapse.storage.prepare_database - 519 - INFO - db.on_new_connection - Applying schema 59/14refresh_tokens.sql
2022-08-16 06:46:16,566 - synapse.storage.prepare_database - 519 - INFO - db.on_new_connection - Applying schema 59/15locks.sql
2022-08-16 06:46:16,567 - synapse.storage.prepare_database - 519 - INFO - db.on_new_connection - Applying schema 59/16federation_inbound_staging.sql
2022-08-16 06:46:16,567 - synapse.storage.prepare_database - 411 - INFO - db.on_new_connection - Applying schema deltas for v60
2022-08-16 06:46:16,567 - synapse.storage.prepare_database - 411 - INFO - db.on_new_connection - Applying schema deltas for v61
2022-08-16 06:46:16,567 - synapse.storage.prepare_database - 519 - INFO - db.on_new_connection - Applying schema 61/01insertion_event_lookups.sql
2022-08-16 06:46:16,568 - synapse.storage.prepare_database - 519 - INFO - db.on_new_connection - Applying schema 61/02drop_redundant_room_depth_index.sql
2022-08-16 06:46:16,569 - synapse.storage.prepare_database - 502 - INFO - db.on_new_connection - Running 61/03recreate_min_depth.py:run_create
2022-08-16 06:46:16,569 - synapse.storage.prepare_database - 411 - INFO - db.on_new_connection - Applying schema deltas for v62
2022-08-16 06:46:16,569 - synapse.storage.prepare_database - 519 - INFO - db.on_new_connection - Applying schema 62/01insertion_event_extremities.sql
2022-08-16 06:46:16,569 - synapse.storage.prepare_database - 411 - INFO - db.on_new_connection - Applying schema deltas for v63
2022-08-16 06:46:16,570 - synapse.storage.prepare_database - 519 - INFO - db.on_new_connection - Applying schema 63/01create_registration_tokens.sql
2022-08-16 06:46:16,570 - synapse.storage.prepare_database - 519 - INFO - db.on_new_connection - Applying schema 63/02delete_unlinked_email_pushers.sql
2022-08-16 06:46:16,570 - synapse.storage.prepare_database - 519 - INFO - db.on_new_connection - Applying schema 63/02populate-rooms-creator.sql
2022-08-16 06:46:16,570 - synapse.storage.prepare_database - 519 - INFO - db.on_new_connection - Applying schema 63/03session_store.sql
2022-08-16 06:46:16,571 - synapse.storage.prepare_database - 519 - INFO - db.on_new_connection - Applying schema 63/04add_presence_stream_not_offline_index.sql
2022-08-16 06:46:16,571 - synapse.storage.prepare_database - 411 - INFO - db.on_new_connection - Applying schema deltas for v64
2022-08-16 06:46:16,571 - synapse.storage.prepare_database - 527 - INFO - db.on_new_connection - Applying engine-specific schema 64/01msc2716_chunk_to_batch_rename.sql.sqlite
2022-08-16 06:46:16,572 - synapse.storage.prepare_database - 411 - INFO - db.on_new_connection - Applying schema deltas for v65
2022-08-16 06:46:16,572 - synapse.storage.prepare_database - 519 - INFO - db.on_new_connection - Applying schema 65/01msc2716_insertion_event_edges.sql
2022-08-16 06:46:16,572 - synapse.storage.prepare_database - 519 - INFO - db.on_new_connection - Applying schema 65/03remove_hidden_devices_from_device_inbox.sql
2022-08-16 06:46:16,572 - synapse.storage.prepare_database - 519 - INFO - db.on_new_connection - Applying schema 65/04_local_group_updates.sql
2022-08-16 06:46:16,573 - synapse.storage.prepare_database - 519 - INFO - db.on_new_connection - Applying schema 65/05_remove_room_stats_historical_and_user_stats_historical.sql
2022-08-16 06:46:16,573 - synapse.storage.prepare_database - 519 - INFO - db.on_new_connection - Applying schema 65/06remove_deleted_devices_from_device_inbox.sql
2022-08-16 06:46:16,573 - synapse.storage.prepare_database - 519 - INFO - db.on_new_connection - Applying schema 65/07_arbitrary_relations.sql
2022-08-16 06:46:16,573 - synapse.storage.prepare_database - 519 - INFO - db.on_new_connection - Applying schema 65/08_device_inbox_background_updates.sql
2022-08-16 06:46:16,573 - synapse.storage.prepare_database - 519 - INFO - db.on_new_connection - Applying schema 65/10_expirable_refresh_tokens.sql
2022-08-16 06:46:16,576 - synapse.storage.prepare_database - 519 - INFO - db.on_new_connection - Applying schema 65/11_devices_auth_provider_session.sql
2022-08-16 06:46:16,577 - synapse.storage.prepare_database - 411 - INFO - db.on_new_connection - Applying schema deltas for v66
2022-08-16 06:46:16,577 - synapse.storage.prepare_database - 411 - INFO - db.on_new_connection - Applying schema deltas for v67
2022-08-16 06:46:16,577 - synapse.storage.prepare_database - 519 - INFO - db.on_new_connection - Applying schema 67/01drop_public_room_list_stream.sql
2022-08-16 06:46:16,578 - synapse.storage.prepare_database - 411 - INFO - db.on_new_connection - Applying schema deltas for v68
2022-08-16 06:46:16,578 - synapse.storage.prepare_database - 519 - INFO - db.on_new_connection - Applying schema 68/01event_columns.sql
2022-08-16 06:46:16,580 - synapse.storage.prepare_database - 519 - INFO - db.on_new_connection - Applying schema 68/02_msc2409_add_device_id_appservice_stream_type.sql
2022-08-16 06:46:16,582 - synapse.storage.prepare_database - 519 - INFO - db.on_new_connection - Applying schema 68/03_delete_account_data_for_deactivated_accounts.sql
2022-08-16 06:46:16,582 - synapse.storage.prepare_database - 519 - INFO - db.on_new_connection - Applying schema 68/04_refresh_tokens_index_next_token_id.sql
2022-08-16 06:46:16,582 - synapse.storage.prepare_database - 519 - INFO - db.on_new_connection - Applying schema 68/04partial_state_rooms.sql
2022-08-16 06:46:16,583 - synapse.storage.prepare_database - 527 - INFO - db.on_new_connection - Applying engine-specific schema 68/05_delete_non_strings_from_event_search.sql.sqlite
2022-08-16 06:46:16,583 - synapse.storage.prepare_database - 502 - INFO - db.on_new_connection - Running 68/05partial_state_rooms_triggers.py:run_create
2022-08-16 06:46:16,583 - synapse.storage.prepare_database - 519 - INFO - db.on_new_connection - Applying schema 68/06_msc3202_add_device_list_appservice_stream_type.sql
2022-08-16 06:46:16,584 - synapse.storage.prepare_database - 411 - INFO - db.on_new_connection - Applying schema deltas for v69
2022-08-16 06:46:16,585 - synapse.storage.prepare_database - 502 - INFO - db.on_new_connection - Running 69/01as_txn_seq.py:run_create
2022-08-16 06:46:16,585 - synapse.storage.prepare_database - 519 - INFO - db.on_new_connection - Applying schema 69/01device_list_oubound_by_room.sql
2022-08-16 06:46:16,585 - synapse.storage.prepare_database - 519 - INFO - db.on_new_connection - Applying schema 69/02cache_invalidation_index.sql
2022-08-16 06:46:16,585 - synapse.storage.prepare_database - 411 - INFO - db.on_new_connection - Applying schema deltas for v70
2022-08-16 06:46:16,586 - synapse.storage.prepare_database - 519 - INFO - db.on_new_connection - Applying schema 70/01clean_table_purged_rooms.sql
2022-08-16 06:46:16,586 - synapse.storage.prepare_database - 519 - INFO - db.on_new_connection - Applying schema 70/08_state_group_edges_unique.sql
2022-08-16 06:46:16,586 - synapse.storage.prepare_database - 411 - INFO - db.on_new_connection - Applying schema deltas for v71
2022-08-16 06:46:16,586 - synapse.storage.prepare_database - 527 - INFO - db.on_new_connection - Applying engine-specific schema 71/01rebuild_event_edges.sql.sqlite
2022-08-16 06:46:16,592 - synapse.storage.prepare_database - 519 - INFO - db.on_new_connection - Applying schema 71/01remove_noop_background_updates.sql
2022-08-16 06:46:16,593 - synapse.storage.prepare_database - 519 - INFO - db.on_new_connection - Applying schema 71/02event_push_summary_unique.sql
2022-08-16 06:46:16,593 - synapse.storage.prepare_database - 411 - INFO - db.on_new_connection - Applying schema deltas for v72
2022-08-16 06:46:16,593 - synapse.storage.prepare_database - 519 - INFO - db.on_new_connection - Applying schema 72/01add_room_type_to_state_stats.sql
2022-08-16 06:46:16,595 - synapse.storage.prepare_database - 519 - INFO - db.on_new_connection - Applying schema 72/01event_push_summary_receipt.sql
2022-08-16 06:46:16,596 - synapse.storage.prepare_database - 519 - INFO - db.on_new_connection - Applying schema 72/02event_push_actions_index.sql
2022-08-16 06:46:16,597 - synapse.storage.prepare_database - 502 - INFO - db.on_new_connection - Running 72/03bg_populate_events_columns.py:run_create
2022-08-16 06:46:16,597 - synapse.storage.prepare_database - 519 - INFO - db.on_new_connection - Applying schema 72/03drop_event_reference_hashes.sql
2022-08-16 06:46:16,597 - synapse.storage.prepare_database - 519 - INFO - db.on_new_connection - Applying schema 72/03remove_groups.sql
2022-08-16 06:46:16,598 - synapse.storage.prepare_database - 546 - INFO - db.on_new_connection - Schema now up to date
2022-08-16 06:46:16,600 - synapse.handlers.deactivate_account - 240 - INFO - user_parter_loop-0 - User parter finished: stopping
2022-08-16 06:46:16,601 - synapse.push.pusherpool - 314 - INFO - start_pushers-0 - Started pushers
2022-08-16 06:46:16,747 - synapse.handlers.auth - 965 - INFO - POST-2 - Logging in user @userid_1284:localhost on device UJHQARKJNQ
2022-08-16 06:46:16,749 - synapse.access.http.8008 - 450 - INFO - POST-2 - ::ffff:172.17.0.1 - 8008 - {None} Processed request: 0.249sec/0.000sec (0.234sec, 0.001sec) (0.003sec/0.004sec/13) 152B 200 "POST /_synapse/admin/v1/register HTTP/1.1" "Mozilla/5.0 (X11; Linux x86_64) AppleWebKit/537.36 (KHTML, like Gecko) Chrome/104.0.5112.79 Safari/537.36" [0 dbevts]
2022-08-16 06:46:16,763 - synapse.rest.client.login - 283 - INFO - POST-3 - Got login request with identifier: {'type': 'm.id.user', 'user': 'userId_1284'}, medium: None, address: None, user: None
2022-08-16 06:46:16,961 - synapse.handlers.auth - 965 - INFO - POST-3 - Logging in user @userid_1284:localhost on device OEEVOGHQAR
2022-08-16 06:46:16,964 - synapse.access.http.8008 - 450 - INFO - POST-3 - ::ffff:172.17.0.1 - 8008 - {None} Processed request: 0.200sec/0.000sec (0.195sec, 0.000sec) (0.001sec/0.001sec/5) 221B 200 "POST /_matrix/client/r0/login HTTP/1.1" "Mozilla/5.0 (X11; Linux x86_64) AppleWebKit/537.36 (KHTML, like Gecko) Chrome/104.0.5112.79 Safari/537.36" [0 dbevts]
2022-08-16 06:46:17,603 - synapse.storage.background_updates - 428 - INFO - background_updates-0 - Starting update batch on background update 'add_room_type_column'
2022-08-16 06:46:17,607 - synapse.storage.background_updates - 471 - INFO - background_updates-0 - Running background update 'add_room_type_column'. Processed 100 items in 2ms. (total_rate=50.0/ms, current_rate=50.0/ms, total_updated=100, batch_size=100)
2022-08-16 06:46:18,609 - synapse.storage.background_updates - 428 - INFO - background_updates-0 - Starting update batch on background update 'add_rooms_room_version_column'
2022-08-16 06:46:18,612 - synapse.storage.background_updates - 471 - INFO - background_updates-0 - Running background update 'add_rooms_room_version_column'. Processed 100 items in 2ms. (total_rate=50.0/ms, current_rate=50.0/ms, total_updated=100, batch_size=100)
2022-08-16 06:46:19,458 - synapse.access.http.8008 - 450 - INFO - GET-4 - ::ffff:172.17.0.1 - 8008 - {@userid_1284:localhost} Processed request: 0.005sec/0.001sec (0.001sec, 0.000sec) (0.001sec/0.001sec/2) 2B 200 "GET /_matrix/client/r0/thirdparty/protocols HTTP/1.1" "Mozilla/5.0 (X11; Linux x86_64) AppleWebKit/537.36 (KHTML, like Gecko) Chrome/104.0.5112.79 Safari/537.36" [0 dbevts]
2022-08-16 06:46:19,614 - synapse.storage.background_updates - 428 - INFO - background_updates-0 - Starting update batch on background update 'current_state_events_membership'
2022-08-16 06:46:19,617 - synapse.storage.background_updates - 471 - INFO - background_updates-0 - Running background update 'current_state_events_membership'. Processed 0 items in 2ms. (total_rate=None/ms, current_rate=None/ms, total_updated=0, batch_size=100)
2022-08-16 06:46:19,717 - synapse.http.server - 169 - INFO - GET-5 - <XForwardedForRequest at 0x7fcdef183fd0 method='GET' uri='/_matrix/client/unstable/room_keys/version' clientproto='HTTP/1.1' site='8008'> SynapseError: 404 - No backup found
2022-08-16 06:46:19,718 - synapse.access.http.8008 - 450 - INFO - GET-5 - ::ffff:172.17.0.1 - 8008 - {@userid_1284:localhost} Processed request: 0.003sec/0.001sec (0.001sec, 0.000sec) (0.000sec/0.000sec/1) 51B 404 "GET /_matrix/client/unstable/room_keys/version HTTP/1.1" "Mozilla/5.0 (X11; Linux x86_64) AppleWebKit/537.36 (KHTML, like Gecko) Chrome/104.0.5112.79 Safari/537.36" [0 dbevts]
2022-08-16 06:46:19,728 - synapse.access.http.8008 - 450 - INFO - GET-6 - ::ffff:172.17.0.1 - 8008 - {@userid_1284:localhost} Processed request: 0.001sec/0.001sec (0.000sec, 0.000sec) (0.000sec/0.000sec/0) 2B 200 "GET /_matrix/client/r0/voip/turnServer HTTP/1.1" "Mozilla/5.0 (X11; Linux x86_64) AppleWebKit/537.36 (KHTML, like Gecko) Chrome/104.0.5112.79 Safari/537.36" [0 dbevts]
2022-08-16 06:46:19,736 - synapse.access.http.8008 - 450 - INFO - GET-7 - ::ffff:172.17.0.1 - 8008 - {None} Processed request: 0.001sec/0.001sec (0.000sec, 0.000sec) (0.000sec/0.000sec/0) 600B 200 "GET /_matrix/client/versions HTTP/1.1" "Mozilla/5.0 (X11; Linux x86_64) AppleWebKit/537.36 (KHTML, like Gecko) Chrome/104.0.5112.79 Safari/537.36" [0 dbevts]
2022-08-16 06:46:19,847 - synapse.access.http.8008 - 450 - INFO - GET-8 - ::ffff:172.17.0.1 - 8008 - {@userid_1284:localhost} Processed request: 0.006sec/0.001sec (0.001sec, 0.000sec) (0.001sec/0.001sec/2) 3528B 200 "GET /_matrix/client/r0/pushrules/ HTTP/1.1" "Mozilla/5.0 (X11; Linux x86_64) AppleWebKit/537.36 (KHTML, like Gecko) Chrome/104.0.5112.79 Safari/537.36" [0 dbevts]
2022-08-16 06:46:19,896 - synapse.handlers.e2e_keys - 548 - INFO - POST-9 - Updating device_keys for device 'OEEVOGHQAR' for user @userid_1284:localhost at 1660632379896
2022-08-16 06:46:19,904 - synapse.access.http.8008 - 450 - INFO - POST-9 - ::ffff:172.17.0.1 - 8008 - {@userid_1284:localhost} Processed request: 0.008sec/0.001sec (0.003sec, 0.000sec) (0.002sec/0.001sec/3) 47B 200 "POST /_matrix/client/r0/keys/upload HTTP/1.1" "Mozilla/5.0 (X11; Linux x86_64) AppleWebKit/537.36 (KHTML, like Gecko) Chrome/104.0.5112.79 Safari/537.36" [0 dbevts]
2022-08-16 06:46:20,025 - synapse.access.http.8008 - 450 - INFO - POST-10 - ::ffff:172.17.0.1 - 8008 - {@userid_1284:localhost} Processed request: 0.009sec/0.001sec (0.006sec, 0.000sec) (0.001sec/0.000sec/1) 17B 200 "POST /_matrix/client/r0/user/%40userid_1284%3Alocalhost/filter HTTP/1.1" "Mozilla/5.0 (X11; Linux x86_64) AppleWebKit/537.36 (KHTML, like Gecko) Chrome/104.0.5112.79 Safari/537.36" [0 dbevts]
2022-08-16 06:46:20,100 - synapse.access.http.8008 - 450 - INFO - GET-11 - ::ffff:172.17.0.1 - 8008 - {@userid_1284:localhost} Processed request: 0.023sec/0.001sec (0.008sec, 0.000sec) (0.004sec/0.003sec/10) 3931B 200 "GET /_matrix/client/r0/sync?filter=0&timeout=0&_cacheBuster=1660632380061 HTTP/1.1" "Mozilla/5.0 (X11; Linux x86_64) AppleWebKit/537.36 (KHTML, like Gecko) Chrome/104.0.5112.79 Safari/537.36" [0 dbevts]
2022-08-16 06:46:20,356 - synapse.access.http.8008 - 450 - INFO - GET-12 - ::ffff:172.17.0.1 - 8008 - {None} Processed request: 0.004sec/0.001sec (0.000sec, 0.000sec) (0.002sec/0.000sec/2) 22B 200 "GET /_matrix/client/r0/profile/%40userid_1284%3Alocalhost HTTP/1.1" "Mozilla/5.0 (X11; Linux x86_64) AppleWebKit/537.36 (KHTML, like Gecko) Chrome/104.0.5112.79 Safari/537.36" [0 dbevts]
2022-08-16 06:46:20,362 - synapse.access.http.8008 - 450 - INFO - POST-13 - ::ffff:172.17.0.1 - 8008 - {@userid_1284:localhost} Processed request: 0.008sec/0.001sec (0.002sec, 0.000sec) (0.002sec/0.003sec/4) 577B 200 "POST /_matrix/client/r0/keys/query HTTP/1.1" "Mozilla/5.0 (X11; Linux x86_64) AppleWebKit/537.36 (KHTML, like Gecko) Chrome/104.0.5112.79 Safari/537.36" [0 dbevts]
2022-08-16 06:46:20,406 - synapse.access.http.8008 - 450 - INFO - GET-15 - ::ffff:172.17.0.1 - 8008 - {None} Processed request: 0.007sec/0.001sec (0.001sec, 0.000sec) (0.005sec/0.001sec/2) 22B 200 "GET /_matrix/client/r0/profile/%40userid_1284%3Alocalhost HTTP/1.1" "Mozilla/5.0 (X11; Linux x86_64) AppleWebKit/537.36 (KHTML, like Gecko) Chrome/104.0.5112.79 Safari/537.36" [0 dbevts]
2022-08-16 06:46:20,578 - synapse.access.http.8008 - 450 - INFO - GET-16 - ::ffff:172.17.0.1 - 8008 - {@userid_1284:localhost} Processed request: 0.008sec/0.001sec (0.000sec, 0.001sec) (0.004sec/0.001sec/2) 281B 200 "GET /_matrix/client/r0/devices HTTP/1.1" "Mozilla/5.0 (X11; Linux x86_64) AppleWebKit/537.36 (KHTML, like Gecko) Chrome/104.0.5112.79 Safari/537.36" [0 dbevts]
2022-08-16 06:46:20,622 - synapse.storage.background_updates - 428 - INFO - background_updates-0 - Starting update batch on background update 'delete_old_current_state_events'
2022-08-16 06:46:20,633 - synapse.storage.databases.main.state - 550 - INFO - background_updates-0 - skipping rooms which are being created: set()
2022-08-16 06:46:20,634 - synapse.storage.databases.main.state - 566 - INFO - background_updates-0 - Deleting current state left rooms: set()
2022-08-16 06:46:20,635 - synapse.storage.background_updates - 471 - INFO - background_updates-0 - Running background update 'delete_old_current_state_events'. Processed 100 items in 7ms. (total_rate=14.285714285714286/ms, current_rate=14.285714285714285/ms, total_updated=100, batch_size=100)
2022-08-16 06:46:20,642 - synapse.access.http.8008 - 450 - INFO - POST-14 - ::ffff:172.17.0.1 - 8008 - {@userid_1284:localhost} Processed request: 0.276sec/0.001sec (0.051sec, 0.004sec) (0.087sec/0.050sec/48) 43B 200 "POST /_matrix/client/r0/createRoom HTTP/1.1" "Mozilla/5.0 (X11; Linux x86_64) AppleWebKit/537.36 (KHTML, like Gecko) Chrome/104.0.5112.79 Safari/537.36" [0 dbevts]
2022-08-16 06:46:20,930 - synapse.handlers.sync - 691 - INFO - GET-17 - Failed to find any events in room !ONUDHQGuLdqtNvpxIy:localhost at RoomStreamToken(topological=None, stream=1, instance_map=frozendict.frozendict({}))
2022-08-16 06:46:20,959 - synapse.access.http.8008 - 450 - INFO - GET-17 - ::ffff:172.17.0.1 - 8008 - {@userid_1284:localhost} Processed request: 0.037sec/0.001sec (0.006sec, 0.000sec) (0.006sec/0.006sec/17) 2824B 200 "GET /_matrix/client/r0/sync?filter=0&timeout=30000&since=s1_2_0_1_1_1_1_4_0 HTTP/1.1" "Mozilla/5.0 (X11; Linux x86_64) AppleWebKit/537.36 (KHTML, like Gecko) Chrome/104.0.5112.79 Safari/537.36" [0 dbevts]
2022-08-16 06:46:21,045 - synapse.access.http.8008 - 450 - INFO - POST-18 - ::ffff:172.17.0.1 - 8008 - {@userid_1284:localhost} Processed request: 0.005sec/0.003sec (0.000sec, 0.000sec) (0.001sec/0.001sec/3) 577B 200 "POST /_matrix/client/r0/keys/query HTTP/1.1" "Mozilla/5.0 (X11; Linux x86_64) AppleWebKit/537.36 (KHTML, like Gecko) Chrome/104.0.5112.79 Safari/537.36" [0 dbevts]
2022-08-16 06:46:21,048 - synapse.access.http.8008 - 450 - INFO - GET-19 - ::ffff:172.17.0.1 - 8008 - {None} Processed request: 0.005sec/0.001sec (0.000sec, 0.001sec) (0.001sec/0.002sec/2) 22B 200 "GET /_matrix/client/r0/profile/%40userid_1284%3Alocalhost HTTP/1.1" "Mozilla/5.0 (X11; Linux x86_64) AppleWebKit/537.36 (KHTML, like Gecko) Chrome/104.0.5112.79 Safari/537.36" [0 dbevts]
2022-08-16 06:46:21,442 - synapse.access.http.8008 - 450 - INFO - PUT-21 - ::ffff:172.17.0.1 - 8008 - {@userid_1284:localhost} Processed request: 0.023sec/0.001sec (0.006sec, 0.000sec) (0.002sec/0.001sec/5) 59B 200 "PUT /_matrix/client/r0/rooms/!ONUDHQGuLdqtNvpxIy%3Alocalhost/send/m.room.message/m1660632381357.0 HTTP/1.1" "Mozilla/5.0 (X11; Linux x86_64) AppleWebKit/537.36 (KHTML, like Gecko) Chrome/104.0.5112.79 Safari/537.36" [0 dbevts]
2022-08-16 06:46:21,456 - synapse.access.http.8008 - 450 - INFO - GET-20 - ::ffff:172.17.0.1 - 8008 - {@userid_1284:localhost} Processed request: 0.395sec/0.003sec (0.002sec, 0.002sec) (0.003sec/0.002sec/1) 761B 200 "GET /_matrix/client/r0/sync?filter=0&timeout=30000&since=s8_2_0_1_1_1_1_4_0 HTTP/1.1" "Mozilla/5.0 (X11; Linux x86_64) AppleWebKit/537.36 (KHTML, like Gecko) Chrome/104.0.5112.79 Safari/537.36" [1 dbevts]
2022-08-16 06:46:21,513 - synapse.access.http.8008 - 450 - INFO - PUT-22 - ::ffff:172.17.0.1 - 8008 - {@userid_1284:localhost} Processed request: 0.021sec/0.001sec (0.004sec, 0.000sec) (0.002sec/0.001sec/4) 59B 200 "PUT /_matrix/client/r0/rooms/!ONUDHQGuLdqtNvpxIy%3Alocalhost/send/m.room.message/m1660632381477.1 HTTP/1.1" "Mozilla/5.0 (X11; Linux x86_64) AppleWebKit/537.36 (KHTML, like Gecko) Chrome/104.0.5112.79 Safari/537.36" [0 dbevts]
2022-08-16 06:46:21,558 - synapse.access.http.8008 - 450 - INFO - GET-23 - ::ffff:172.17.0.1 - 8008 - {@userid_1284:localhost} Processed request: 0.008sec/0.001sec (0.005sec, 0.000sec) (0.001sec/0.000sec/1) 917B 200 "GET /_matrix/client/r0/sync?filter=0&timeout=30000&since=s9_2_0_1_1_1_1_4_0 HTTP/1.1" "Mozilla/5.0 (X11; Linux x86_64) AppleWebKit/537.36 (KHTML, like Gecko) Chrome/104.0.5112.79 Safari/537.36" [0 dbevts]
2022-08-16 06:46:21,636 - synapse.storage.background_updates - 428 - INFO - background_updates-0 - Starting update batch on background update 'delete_old_current_state_events'
2022-08-16 06:46:21,639 - synapse.storage.background_updates - 471 - INFO - background_updates-0 - Running background update 'delete_old_current_state_events'. Processed 1428 items in 2ms. (total_rate=169.77777777777777/ms, current_rate=182.89156626506025/ms, total_updated=1528, batch_size=1428)
2022-08-16 06:46:21,758 - synapse.access.http.8008 - 450 - INFO - GET-25 - ::ffff:172.17.0.1 - 8008 - {@userid_1284:localhost} Processed request: 0.001sec/0.001sec (0.000sec, 0.000sec) (0.000sec/0.000sec/0) 656B 200 "GET /_matrix/client/r0/capabilities HTTP/1.1" "Mozilla/5.0 (X11; Linux x86_64) AppleWebKit/537.36 (KHTML, like Gecko) Chrome/104.0.5112.79 Safari/537.36" [0 dbevts]
2022-08-16 06:46:22,001 - synapse.access.http.8008 - 450 - INFO - POST-26 - ::ffff:172.17.0.1 - 8008 - {@userid_1284:localhost} Processed request: 0.007sec/0.001sec (0.003sec, 0.000sec) (0.001sec/0.002sec/2) 2B 200 "POST /_matrix/client/r0/rooms/!ONUDHQGuLdqtNvpxIy%3Alocalhost/read_markers HTTP/1.1" "Mozilla/5.0 (X11; Linux x86_64) AppleWebKit/537.36 (KHTML, like Gecko) Chrome/104.0.5112.79 Safari/537.36" [0 dbevts]
2022-08-16 06:46:22,005 - synapse.access.http.8008 - 450 - INFO - PUT-27 - ::ffff:172.17.0.1 - 8008 - {@userid_1284:localhost} Processed request: 0.007sec/0.001sec (0.001sec, 0.000sec) (0.001sec/0.004sec/1) 2B 200 "PUT /_matrix/client/r0/user/%40userid_1284%3Alocalhost/account_data/im.vector.setting.breadcrumbs HTTP/1.1" "Mozilla/5.0 (X11; Linux x86_64) AppleWebKit/537.36 (KHTML, like Gecko) Chrome/104.0.5112.79 Safari/537.36" [0 dbevts]
2022-08-16 06:46:22,011 - synapse.access.http.8008 - 450 - INFO - GET-24 - ::ffff:172.17.0.1 - 8008 - {@userid_1284:localhost} Processed request: 0.325sec/0.001sec (0.001sec, 0.000sec) (0.003sec/0.004sec/2) 694B 200 "GET /_matrix/client/r0/sync?filter=0&timeout=30000&since=s10_2_0_1_1_1_1_4_0 HTTP/1.1" "Mozilla/5.0 (X11; Linux x86_64) AppleWebKit/537.36 (KHTML, like Gecko) Chrome/104.0.5112.79 Safari/537.36" [0 dbevts]
2022-08-16 06:46:22,056 - synapse.access.http.8008 - 450 - INFO - GET-28 - ::ffff:172.17.0.1 - 8008 - {@userid_1284:localhost} Processed request: 0.004sec/0.001sec (0.000sec, 0.000sec) (0.001sec/0.001sec/2) 363B 200 "GET /_matrix/client/r0/rooms/!ONUDHQGuLdqtNvpxIy%3Alocalhost/members?not_membership=leave&at=s10_2_0_1_1_1_1_4_0 HTTP/1.1" "Mozilla/5.0 (X11; Linux x86_64) AppleWebKit/537.36 (KHTML, like Gecko) Chrome/104.0.5112.79 Safari/537.36" [0 dbevts]
2022-08-16 06:46:22,106 - synapse.access.http.8008 - 450 - INFO - GET-29 - ::ffff:172.17.0.1 - 8008 - {@userid_1284:localhost} Processed request: 0.007sec/0.001sec (0.002sec, 0.000sec) (0.001sec/0.001sec/4) 412B 200 "GET /_matrix/client/r0/rooms/!ONUDHQGuLdqtNvpxIy%3Alocalhost/messages?limit=20&dir=b&from=s2_2_0_1_1_1_1_4_0&filter=%7B%22lazy_load_members%22%3Atrue%7D HTTP/1.1" "Mozilla/5.0 (X11; Linux x86_64) AppleWebKit/537.36 (KHTML, like Gecko) Chrome/104.0.5112.79 Safari/537.36" [0 dbevts]
2022-08-16 06:46:22,419 - synapse.access.http.8008 - 450 - INFO - GET-30 - ::ffff:172.17.0.1 - 8008 - {@userid_1284:localhost} Processed request: 0.007sec/0.001sec (0.002sec, 0.000sec) (0.001sec/0.001sec/2) 314B 200 "GET /_matrix/client/r0/sync?filter=0&timeout=30000&since=s10_2_0_1_2_1_1_4_0 HTTP/1.1" "Mozilla/5.0 (X11; Linux x86_64) AppleWebKit/537.36 (KHTML, like Gecko) Chrome/104.0.5112.79 Safari/537.36" [0 dbevts]
2022-08-16 06:46:22,433 - synapse.access.http.8008 - 450 - INFO - PUT-31 - ::ffff:172.17.0.1 - 8008 - {@userid_1284:localhost} Processed request: 0.001sec/0.001sec (0.000sec, 0.000sec) (0.000sec/0.000sec/0) 2B 200 "PUT /_matrix/client/r0/presence/%40userid_1284%3Alocalhost/status HTTP/1.1" "Mozilla/5.0 (X11; Linux x86_64) AppleWebKit/537.36 (KHTML, like Gecko) Chrome/104.0.5112.79 Safari/537.36" [0 dbevts]
2022-08-16 06:46:22,641 - synapse.storage.background_updates - 428 - INFO - background_updates-0 - Starting update batch on background update 'devices_last_seen'
2022-08-16 06:46:22,642 - synapse.access.http.8008 - 450 - INFO - GET-32 - ::ffff:172.17.0.1 - 8008 - {@userid_1284:localhost} Processed request: 0.005sec/0.001sec (0.002sec, 0.000sec) (0.001sec/0.001sec/3) 43B 200 "GET /_matrix/client/r0/rooms/!ONUDHQGuLdqtNvpxIy%3Alocalhost/messages?limit=20&dir=b&from=t1-1_2_0_1_1_1_1_4_0&filter=%7B%22lazy_load_members%22%3Atrue%7D HTTP/1.1" "Mozilla/5.0 (X11; Linux x86_64) AppleWebKit/537.36 (KHTML, like Gecko) Chrome/104.0.5112.79 Safari/537.36" [0 dbevts]
2022-08-16 06:46:22,646 - synapse.storage.background_updates - 471 - INFO - background_updates-0 - Running background update 'devices_last_seen'. Processed 1 items in 2ms. (total_rate=0.5/ms, current_rate=0.5/ms, total_updated=1, batch_size=100)
2022-08-16 06:46:22,952 - synapse.access.http.8008 - 450 - INFO - GET-34 - ::ffff:172.17.0.1 - 8008 - {@userid_1284:localhost} Processed request: 0.014sec/0.001sec (0.002sec, 0.000sec) (0.003sec/0.002sec/10) 3903B 200 "GET /_matrix/client/r0/rooms/!ONUDHQGuLdqtNvpxIy%3Alocalhost/messages?limit=20&dir=b&filter=%7B%22lazy_load_members%22%3Atrue%7D HTTP/1.1" "Mozilla/5.0 (X11; Linux x86_64) AppleWebKit/537.36 (KHTML, like Gecko) Chrome/104.0.5112.79 Safari/537.36" [0 dbevts]
2022-08-16 06:46:23,168 - synapse.access.http.8008 - 450 - INFO - GET-35 - ::ffff:172.17.0.1 - 8008 - {@userid_1284:localhost} Processed request: 0.003sec/0.001sec (0.000sec, 0.000sec) (0.001sec/0.001sec/3) 43B 200 "GET /_matrix/client/r0/rooms/!ONUDHQGuLdqtNvpxIy%3Alocalhost/messages?limit=20&dir=b&from=t1-1_0_0_0_0_0_0_0_0&filter=%7B%22lazy_load_members%22%3Atrue%7D HTTP/1.1" "Mozilla/5.0 (X11; Linux x86_64) AppleWebKit/537.36 (KHTML, like Gecko) Chrome/104.0.5112.79 Safari/537.36" [0 dbevts]
2022-08-16 06:46:23,242 - synapse.access.http.8008 - 450 - INFO - GET-36 - ::ffff:172.17.0.1 - 8008 - {@userid_1284:localhost} Processed request: 0.007sec/0.001sec (0.004sec, 0.000sec) (0.001sec/0.001sec/4) 3903B 200 "GET /_matrix/client/r0/rooms/!ONUDHQGuLdqtNvpxIy%3Alocalhost/messages?limit=20&dir=b&filter=%7B%22lazy_load_members%22%3Atrue%7D HTTP/1.1" "Mozilla/5.0 (X11; Linux x86_64) AppleWebKit/537.36 (KHTML, like Gecko) Chrome/104.0.5112.79 Safari/537.36" [0 dbevts]
2022-08-16 06:46:23,468 - synapse.handlers.search - 142 - INFO - POST-37 - Search batch properties: None, None, None
2022-08-16 06:46:23,468 - synapse.handlers.search - 149 - INFO - POST-37 - Search content: {'search_categories': {'room_events': {'search_term': 'Message', 'filter': {'limit': 10, 'rooms': ['!ONUDHQGuLdqtNvpxIy:localhost']}, 'order_by': 'recent', 'event_context': {'before_limit': 1, 'after_limit': 1, 'include_profile': True}}}}
2022-08-16 06:46:23,472 - synapse.handlers.search - 327 - INFO - POST-37 - Found 2 events to return
2022-08-16 06:46:23,474 - synapse.handlers.search - 640 - INFO - POST-37 - Context for search returned 1 and 0 events
2022-08-16 06:46:23,476 - synapse.handlers.search - 640 - INFO - POST-37 - Context for search returned 1 and 1 events
2022-08-16 06:46:23,479 - synapse.access.http.8008 - 450 - INFO - POST-37 - ::ffff:172.17.0.1 - 8008 - {@userid_1284:localhost} Processed request: 0.011sec/0.001sec (0.002sec, 0.000sec) (0.001sec/0.002sec/5) 2508B 200 "POST /_matrix/client/r0/search HTTP/1.1" "Mozilla/5.0 (X11; Linux x86_64) AppleWebKit/537.36 (KHTML, like Gecko) Chrome/104.0.5112.79 Safari/537.36" [0 dbevts]
2022-08-16 06:46:23,647 - synapse.storage.background_updates - 428 - INFO - background_updates-0 - Starting update batch on background update 'devices_last_seen'
2022-08-16 06:46:23,649 - synapse.storage.background_updates - 471 - INFO - background_updates-0 - Running background update 'devices_last_seen'. Processed 0 items in 1ms. (total_rate=0.3333333333333333/ms, current_rate=0.3214285714285714/ms, total_updated=1, batch_size=50)
2022-08-16 06:46:24,027 - synapse.http.site - 362 - INFO - GET-33 - Connection from client lost before response was sent
