Starting synapse with args -m synapse.app.homeserver --config-path /data/homeserver.yaml
2022-08-16 06:45:06,120 - root - 343 - WARNING - main - ***** STARTING SERVER *****
2022-08-16 06:45:06,120 - root - 344 - WARNING - main - Server /usr/local/lib/python3.9/site-packages/synapse/app/homeserver.py version 1.64.0rc1
2022-08-16 06:45:06,120 - root - 349 - INFO - main - Server hostname: localhost
2022-08-16 06:45:06,121 - root - 350 - INFO - main - Instance name: master
2022-08-16 06:45:06,121 - synapse.app.homeserver - 376 - INFO - main - Setting up server
2022-08-16 06:45:06,121 - synapse.server - 306 - INFO - main - Setting up.
2022-08-16 06:45:06,121 - synapse.storage.prepare_database - 115 - INFO - main - ('main', 'state'): Checking existing schema version
2022-08-16 06:45:06,122 - synapse.storage.prepare_database - 145 - INFO - main - ('main', 'state'): Initialising new database
2022-08-16 06:45:06,139 - synapse.storage.prepare_database - 411 - INFO - main - Applying schema deltas for v55
2022-08-16 06:45:06,140 - synapse.storage.prepare_database - 519 - INFO - main - Applying schema 55/access_token_expiry.sql
2022-08-16 06:45:06,141 - synapse.storage.prepare_database - 519 - INFO - main - Applying schema 55/track_threepid_validations.sql
2022-08-16 06:45:06,141 - synapse.storage.prepare_database - 519 - INFO - main - Applying schema 55/users_alter_deactivated.sql
2022-08-16 06:45:06,142 - synapse.storage.prepare_database - 411 - INFO - main - Applying schema deltas for v56
2022-08-16 06:45:06,143 - synapse.storage.prepare_database - 519 - INFO - main - Applying schema 56/add_spans_to_device_lists.sql
2022-08-16 06:45:06,144 - synapse.storage.prepare_database - 519 - INFO - main - Applying schema 56/current_state_events_membership.sql
2022-08-16 06:45:06,145 - synapse.storage.prepare_database - 519 - INFO - main - Applying schema 56/current_state_events_membership_mk2.sql
2022-08-16 06:45:06,145 - synapse.storage.prepare_database - 519 - INFO - main - Applying schema 56/delete_keys_from_deleted_backups.sql
2022-08-16 06:45:06,145 - synapse.storage.prepare_database - 519 - INFO - main - Applying schema 56/destinations_failure_ts.sql
2022-08-16 06:45:06,147 - synapse.storage.prepare_database - 519 - INFO - main - Applying schema 56/device_stream_id_insert.sql
2022-08-16 06:45:06,147 - synapse.storage.prepare_database - 519 - INFO - main - Applying schema 56/devices_last_seen.sql
2022-08-16 06:45:06,150 - synapse.storage.prepare_database - 519 - INFO - main - Applying schema 56/drop_unused_event_tables.sql
2022-08-16 06:45:06,150 - synapse.storage.prepare_database - 519 - INFO - main - Applying schema 56/event_expiry.sql
2022-08-16 06:45:06,151 - synapse.storage.prepare_database - 519 - INFO - main - Applying schema 56/event_labels.sql
2022-08-16 06:45:06,151 - synapse.storage.prepare_database - 519 - INFO - main - Applying schema 56/event_labels_background_update.sql
2022-08-16 06:45:06,151 - synapse.storage.prepare_database - 519 - INFO - main - Applying schema 56/fix_room_keys_index.sql
2022-08-16 06:45:06,152 - synapse.storage.prepare_database - 519 - INFO - main - Applying schema 56/hidden_devices.sql
2022-08-16 06:45:06,153 - synapse.storage.prepare_database - 527 - INFO - main - Applying engine-specific schema 56/hidden_devices_fix.sql.sqlite
2022-08-16 06:45:06,157 - synapse.storage.prepare_database - 519 - INFO - main - Applying schema 56/nuke_empty_communities_from_db.sql
2022-08-16 06:45:06,158 - synapse.storage.prepare_database - 519 - INFO - main - Applying schema 56/public_room_list_idx.sql
2022-08-16 06:45:06,158 - synapse.storage.prepare_database - 519 - INFO - main - Applying schema 56/redaction_censor.sql
2022-08-16 06:45:06,159 - synapse.storage.prepare_database - 519 - INFO - main - Applying schema 56/redaction_censor2.sql
2022-08-16 06:45:06,160 - synapse.storage.prepare_database - 519 - INFO - main - Applying schema 56/redaction_censor4.sql
2022-08-16 06:45:06,160 - synapse.storage.prepare_database - 519 - INFO - main - Applying schema 56/remove_tombstoned_rooms_from_directory.sql
2022-08-16 06:45:06,160 - synapse.storage.prepare_database - 519 - INFO - main - Applying schema 56/room_key_etag.sql
2022-08-16 06:45:06,161 - synapse.storage.prepare_database - 519 - INFO - main - Applying schema 56/room_membership_idx.sql
2022-08-16 06:45:06,162 - synapse.storage.prepare_database - 519 - INFO - main - Applying schema 56/room_retention.sql
2022-08-16 06:45:06,162 - synapse.storage.prepare_database - 519 - INFO - main - Applying schema 56/signing_keys.sql
2022-08-16 06:45:06,163 - synapse.storage.prepare_database - 519 - INFO - main - Applying schema 56/signing_keys_nonunique_signatures.sql
2022-08-16 06:45:06,163 - synapse.storage.prepare_database - 519 - INFO - main - Applying schema 56/state_group_room_idx.sql
2022-08-16 06:45:06,163 - synapse.storage.prepare_database - 519 - INFO - main - Applying schema 56/stats_separated.sql
2022-08-16 06:45:06,165 - synapse.storage.prepare_database - 502 - INFO - main - Running 56/unique_user_filter_index.py:run_create
2022-08-16 06:45:06,169 - synapse.storage.prepare_database - 519 - INFO - main - Applying schema 56/user_external_ids.sql
2022-08-16 06:45:06,170 - synapse.storage.prepare_database - 519 - INFO - main - Applying schema 56/users_in_public_rooms_idx.sql
2022-08-16 06:45:06,170 - synapse.storage.prepare_database - 411 - INFO - main - Applying schema deltas for v57
2022-08-16 06:45:06,171 - synapse.storage.prepare_database - 519 - INFO - main - Applying schema 57/delete_old_current_state_events.sql
2022-08-16 06:45:06,171 - synapse.storage.prepare_database - 519 - INFO - main - Applying schema 57/device_list_remote_cache_stale.sql
2022-08-16 06:45:06,171 - synapse.storage.prepare_database - 502 - INFO - main - Running 57/local_current_membership.py:run_create
2022-08-16 06:45:06,172 - synapse.storage.prepare_database - 519 - INFO - main - Applying schema 57/remove_sent_outbound_pokes.sql
2022-08-16 06:45:06,172 - synapse.storage.prepare_database - 519 - INFO - main - Applying schema 57/rooms_version_column.sql
2022-08-16 06:45:06,173 - synapse.storage.prepare_database - 527 - INFO - main - Applying engine-specific schema 57/rooms_version_column_2.sql.sqlite
2022-08-16 06:45:06,173 - synapse.storage.prepare_database - 527 - INFO - main - Applying engine-specific schema 57/rooms_version_column_3.sql.sqlite
2022-08-16 06:45:06,173 - synapse.storage.prepare_database - 411 - INFO - main - Applying schema deltas for v58
2022-08-16 06:45:06,174 - synapse.storage.prepare_database - 519 - INFO - main - Applying schema 58/00background_update_ordering.sql
2022-08-16 06:45:06,175 - synapse.storage.prepare_database - 519 - INFO - main - Applying schema 58/02remove_dup_outbound_pokes.sql
2022-08-16 06:45:06,176 - synapse.storage.prepare_database - 519 - INFO - main - Applying schema 58/03persist_ui_auth.sql
2022-08-16 06:45:06,176 - synapse.storage.prepare_database - 502 - INFO - main - Running 58/06dlols_unique_idx.py:run_create
2022-08-16 06:45:06,176 - synapse.storage.v58_06dlols_unique_idx - 51 - INFO - main - Rebuilding device_lists_outbound_last_success with unique index
2022-08-16 06:45:06,181 - synapse.storage.prepare_database - 527 - INFO - main - Applying engine-specific schema 58/07add_method_to_thumbnail_constraint.sql.sqlite
2022-08-16 06:45:06,190 - synapse.storage.prepare_database - 519 - INFO - main - Applying schema 58/07persist_ui_auth_ips.sql
2022-08-16 06:45:06,190 - synapse.storage.prepare_database - 527 - INFO - main - Applying engine-specific schema 58/08_media_safe_from_quarantine.sql.sqlite
2022-08-16 06:45:06,191 - synapse.storage.prepare_database - 519 - INFO - main - Applying schema 58/09shadow_ban.sql
2022-08-16 06:45:06,192 - synapse.storage.prepare_database - 519 - INFO - main - Applying schema 58/10_pushrules_enabled_delete_obsolete.sql
2022-08-16 06:45:06,192 - synapse.storage.prepare_database - 519 - INFO - main - Applying schema 58/10drop_local_rejections_stream.sql
2022-08-16 06:45:06,193 - synapse.storage.prepare_database - 519 - INFO - main - Applying schema 58/10federation_pos_instance_name.sql
2022-08-16 06:45:06,194 - synapse.storage.prepare_database - 519 - INFO - main - Applying schema 58/11dehydration.sql
2022-08-16 06:45:06,194 - synapse.storage.prepare_database - 519 - INFO - main - Applying schema 58/11fallback.sql
2022-08-16 06:45:06,195 - synapse.storage.prepare_database - 502 - INFO - main - Running 58/11user_id_seq.py:run_create
2022-08-16 06:45:06,195 - synapse.storage.prepare_database - 519 - INFO - main - Applying schema 58/12room_stats.sql
2022-08-16 06:45:06,195 - synapse.storage.prepare_database - 519 - INFO - main - Applying schema 58/13remove_presence_allow_inbound.sql
2022-08-16 06:45:06,195 - synapse.storage.prepare_database - 519 - INFO - main - Applying schema 58/14events_instance_name.sql
2022-08-16 06:45:06,196 - synapse.storage.prepare_database - 519 - INFO - main - Applying schema 58/15_catchup_destination_rooms.sql
2022-08-16 06:45:06,197 - synapse.storage.prepare_database - 519 - INFO - main - Applying schema 58/15unread_count.sql
2022-08-16 06:45:06,200 - synapse.storage.prepare_database - 519 - INFO - main - Applying schema 58/16populate_stats_process_rooms_fix.sql
2022-08-16 06:45:06,200 - synapse.storage.prepare_database - 519 - INFO - main - Applying schema 58/17_catchup_last_successful.sql
2022-08-16 06:45:06,202 - synapse.storage.prepare_database - 519 - INFO - main - Applying schema 58/18stream_positions.sql
2022-08-16 06:45:06,202 - synapse.storage.prepare_database - 519 - INFO - main - Applying schema 58/19txn_id.sql
2022-08-16 06:45:06,203 - synapse.storage.prepare_database - 519 - INFO - main - Applying schema 58/20instance_name_event_tables.sql
2022-08-16 06:45:06,205 - synapse.storage.prepare_database - 519 - INFO - main - Applying schema 58/20user_daily_visits.sql
2022-08-16 06:45:06,206 - synapse.storage.prepare_database - 519 - INFO - main - Applying schema 58/21as_device_stream.sql
2022-08-16 06:45:06,208 - synapse.storage.prepare_database - 519 - INFO - main - Applying schema 58/21drop_device_max_stream_id.sql
2022-08-16 06:45:06,209 - synapse.storage.prepare_database - 519 - INFO - main - Applying schema 58/22puppet_token.sql
2022-08-16 06:45:06,210 - synapse.storage.prepare_database - 519 - INFO - main - Applying schema 58/22users_have_local_media.sql
2022-08-16 06:45:06,210 - synapse.storage.prepare_database - 519 - INFO - main - Applying schema 58/23e2e_cross_signing_keys_idx.sql
2022-08-16 06:45:06,210 - synapse.storage.prepare_database - 519 - INFO - main - Applying schema 58/24drop_event_json_index.sql
2022-08-16 06:45:06,210 - synapse.storage.prepare_database - 519 - INFO - main - Applying schema 58/25user_external_ids_user_id_idx.sql
2022-08-16 06:45:06,211 - synapse.storage.prepare_database - 519 - INFO - main - Applying schema 58/26access_token_last_validated.sql
2022-08-16 06:45:06,212 - synapse.storage.prepare_database - 519 - INFO - main - Applying schema 58/27local_invites.sql
2022-08-16 06:45:06,212 - synapse.storage.prepare_database - 527 - INFO - main - Applying engine-specific schema 58/28drop_last_used_column.sql.sqlite
2022-08-16 06:45:06,221 - synapse.storage.prepare_database - 411 - INFO - main - Applying schema deltas for v59
2022-08-16 06:45:06,222 - synapse.storage.prepare_database - 502 - INFO - main - Running 59/01ignored_user.py:run_create
2022-08-16 06:45:06,222 - synapse.storage.v59_01ignored_user - 35 - INFO - main - Creating ignored_users table
2022-08-16 06:45:06,222 - synapse.storage.v59_01ignored_user - 45 - INFO - main - Converting existing ignore lists
2022-08-16 06:45:06,222 - synapse.storage.v59_01ignored_user - 61 - INFO - main - Adding constraints to ignored_users table
2022-08-16 06:45:06,223 - synapse.storage.prepare_database - 519 - INFO - main - Applying schema 59/02shard_send_to_device.sql
2022-08-16 06:45:06,226 - synapse.storage.prepare_database - 519 - INFO - main - Applying schema 59/04_event_auth_chains.sql
2022-08-16 06:45:06,228 - synapse.storage.prepare_database - 519 - INFO - main - Applying schema 59/04drop_account_data.sql
2022-08-16 06:45:06,228 - synapse.storage.prepare_database - 519 - INFO - main - Applying schema 59/05cache_invalidation.sql
2022-08-16 06:45:06,228 - synapse.storage.prepare_database - 519 - INFO - main - Applying schema 59/06chain_cover_index.sql
2022-08-16 06:45:06,228 - synapse.storage.prepare_database - 519 - INFO - main - Applying schema 59/06shard_account_data.sql
2022-08-16 06:45:06,233 - synapse.storage.prepare_database - 519 - INFO - main - Applying schema 59/07shard_account_data_fix.sql
2022-08-16 06:45:06,233 - synapse.storage.prepare_database - 519 - INFO - main - Applying schema 59/08delete_pushers_for_deactivated_accounts.sql
2022-08-16 06:45:06,233 - synapse.storage.prepare_database - 519 - INFO - main - Applying schema 59/08delete_stale_pushers.sql
2022-08-16 06:45:06,233 - synapse.storage.prepare_database - 519 - INFO - main - Applying schema 59/09rejected_events_metadata.sql
2022-08-16 06:45:06,233 - synapse.storage.prepare_database - 519 - INFO - main - Applying schema 59/10delete_purged_chain_cover.sql
2022-08-16 06:45:06,233 - synapse.storage.prepare_database - 519 - INFO - main - Applying schema 59/11add_knock_members_to_stats.sql
2022-08-16 06:45:06,236 - synapse.storage.prepare_database - 519 - INFO - main - Applying schema 59/12account_validity_token_used_ts_ms.sql
2022-08-16 06:45:06,238 - synapse.storage.prepare_database - 519 - INFO - main - Applying schema 59/12presence_stream_instance.sql
2022-08-16 06:45:06,239 - synapse.storage.prepare_database - 519 - INFO - main - Applying schema 59/13users_to_send_full_presence_to.sql
2022-08-16 06:45:06,239 - synapse.storage.prepare_database - 519 - INFO - main - Applying schema 59/14refresh_tokens.sql
2022-08-16 06:45:06,242 - synapse.storage.prepare_database - 519 - INFO - main - Applying schema 59/15locks.sql
2022-08-16 06:45:06,242 - synapse.storage.prepare_database - 519 - INFO - main - Applying schema 59/16federation_inbound_staging.sql
2022-08-16 06:45:06,243 - synapse.storage.prepare_database - 411 - INFO - main - Applying schema deltas for v60
2022-08-16 06:45:06,243 - synapse.storage.prepare_database - 411 - INFO - main - Applying schema deltas for v61
2022-08-16 06:45:06,243 - synapse.storage.prepare_database - 519 - INFO - main - Applying schema 61/01insertion_event_lookups.sql
2022-08-16 06:45:06,244 - synapse.storage.prepare_database - 519 - INFO - main - Applying schema 61/02drop_redundant_room_depth_index.sql
2022-08-16 06:45:06,244 - synapse.storage.prepare_database - 502 - INFO - main - Running 61/03recreate_min_depth.py:run_create
2022-08-16 06:45:06,244 - synapse.storage.prepare_database - 411 - INFO - main - Applying schema deltas for v62
2022-08-16 06:45:06,245 - synapse.storage.prepare_database - 519 - INFO - main - Applying schema 62/01insertion_event_extremities.sql
2022-08-16 06:45:06,245 - synapse.storage.prepare_database - 411 - INFO - main - Applying schema deltas for v63
2022-08-16 06:45:06,245 - synapse.storage.prepare_database - 519 - INFO - main - Applying schema 63/01create_registration_tokens.sql
2022-08-16 06:45:06,246 - synapse.storage.prepare_database - 519 - INFO - main - Applying schema 63/02delete_unlinked_email_pushers.sql
2022-08-16 06:45:06,246 - synapse.storage.prepare_database - 519 - INFO - main - Applying schema 63/02populate-rooms-creator.sql
2022-08-16 06:45:06,246 - synapse.storage.prepare_database - 519 - INFO - main - Applying schema 63/03session_store.sql
2022-08-16 06:45:06,246 - synapse.storage.prepare_database - 519 - INFO - main - Applying schema 63/04add_presence_stream_not_offline_index.sql
2022-08-16 06:45:06,246 - synapse.storage.prepare_database - 411 - INFO - main - Applying schema deltas for v64
2022-08-16 06:45:06,247 - synapse.storage.prepare_database - 527 - INFO - main - Applying engine-specific schema 64/01msc2716_chunk_to_batch_rename.sql.sqlite
2022-08-16 06:45:06,247 - synapse.storage.prepare_database - 411 - INFO - main - Applying schema deltas for v65
2022-08-16 06:45:06,248 - synapse.storage.prepare_database - 519 - INFO - main - Applying schema 65/01msc2716_insertion_event_edges.sql
2022-08-16 06:45:06,248 - synapse.storage.prepare_database - 519 - INFO - main - Applying schema 65/03remove_hidden_devices_from_device_inbox.sql
2022-08-16 06:45:06,248 - synapse.storage.prepare_database - 519 - INFO - main - Applying schema 65/04_local_group_updates.sql
2022-08-16 06:45:06,248 - synapse.storage.prepare_database - 519 - INFO - main - Applying schema 65/05_remove_room_stats_historical_and_user_stats_historical.sql
2022-08-16 06:45:06,249 - synapse.storage.prepare_database - 519 - INFO - main - Applying schema 65/06remove_deleted_devices_from_device_inbox.sql
2022-08-16 06:45:06,249 - synapse.storage.prepare_database - 519 - INFO - main - Applying schema 65/07_arbitrary_relations.sql
2022-08-16 06:45:06,249 - synapse.storage.prepare_database - 519 - INFO - main - Applying schema 65/08_device_inbox_background_updates.sql
2022-08-16 06:45:06,249 - synapse.storage.prepare_database - 519 - INFO - main - Applying schema 65/10_expirable_refresh_tokens.sql
2022-08-16 06:45:06,252 - synapse.storage.prepare_database - 519 - INFO - main - Applying schema 65/11_devices_auth_provider_session.sql
2022-08-16 06:45:06,252 - synapse.storage.prepare_database - 411 - INFO - main - Applying schema deltas for v66
2022-08-16 06:45:06,252 - synapse.storage.prepare_database - 411 - INFO - main - Applying schema deltas for v67
2022-08-16 06:45:06,253 - synapse.storage.prepare_database - 519 - INFO - main - Applying schema 67/01drop_public_room_list_stream.sql
2022-08-16 06:45:06,253 - synapse.storage.prepare_database - 411 - INFO - main - Applying schema deltas for v68
2022-08-16 06:45:06,253 - synapse.storage.prepare_database - 519 - INFO - main - Applying schema 68/01event_columns.sql
2022-08-16 06:45:06,256 - synapse.storage.prepare_database - 519 - INFO - main - Applying schema 68/02_msc2409_add_device_id_appservice_stream_type.sql
2022-08-16 06:45:06,257 - synapse.storage.prepare_database - 519 - INFO - main - Applying schema 68/03_delete_account_data_for_deactivated_accounts.sql
2022-08-16 06:45:06,257 - synapse.storage.prepare_database - 519 - INFO - main - Applying schema 68/04_refresh_tokens_index_next_token_id.sql
2022-08-16 06:45:06,258 - synapse.storage.prepare_database - 519 - INFO - main - Applying schema 68/04partial_state_rooms.sql
2022-08-16 06:45:06,258 - synapse.storage.prepare_database - 527 - INFO - main - Applying engine-specific schema 68/05_delete_non_strings_from_event_search.sql.sqlite
2022-08-16 06:45:06,258 - synapse.storage.prepare_database - 502 - INFO - main - Running 68/05partial_state_rooms_triggers.py:run_create
2022-08-16 06:45:06,259 - synapse.storage.prepare_database - 519 - INFO - main - Applying schema 68/06_msc3202_add_device_list_appservice_stream_type.sql
2022-08-16 06:45:06,260 - synapse.storage.prepare_database - 411 - INFO - main - Applying schema deltas for v69
2022-08-16 06:45:06,260 - synapse.storage.prepare_database - 502 - INFO - main - Running 69/01as_txn_seq.py:run_create
2022-08-16 06:45:06,260 - synapse.storage.prepare_database - 519 - INFO - main - Applying schema 69/01device_list_oubound_by_room.sql
2022-08-16 06:45:06,261 - synapse.storage.prepare_database - 519 - INFO - main - Applying schema 69/02cache_invalidation_index.sql
2022-08-16 06:45:06,261 - synapse.storage.prepare_database - 411 - INFO - main - Applying schema deltas for v70
2022-08-16 06:45:06,261 - synapse.storage.prepare_database - 519 - INFO - main - Applying schema 70/01clean_table_purged_rooms.sql
2022-08-16 06:45:06,261 - synapse.storage.prepare_database - 519 - INFO - main - Applying schema 70/08_state_group_edges_unique.sql
2022-08-16 06:45:06,262 - synapse.storage.prepare_database - 411 - INFO - main - Applying schema deltas for v71
2022-08-16 06:45:06,262 - synapse.storage.prepare_database - 527 - INFO - main - Applying engine-specific schema 71/01rebuild_event_edges.sql.sqlite
2022-08-16 06:45:06,267 - synapse.storage.prepare_database - 519 - INFO - main - Applying schema 71/01remove_noop_background_updates.sql
2022-08-16 06:45:06,268 - synapse.storage.prepare_database - 519 - INFO - main - Applying schema 71/02event_push_summary_unique.sql
2022-08-16 06:45:06,268 - synapse.storage.prepare_database - 411 - INFO - main - Applying schema deltas for v72
2022-08-16 06:45:06,268 - synapse.storage.prepare_database - 519 - INFO - main - Applying schema 72/01add_room_type_to_state_stats.sql
2022-08-16 06:45:06,270 - synapse.storage.prepare_database - 519 - INFO - main - Applying schema 72/01event_push_summary_receipt.sql
2022-08-16 06:45:06,271 - synapse.storage.prepare_database - 519 - INFO - main - Applying schema 72/02event_push_actions_index.sql
2022-08-16 06:45:06,272 - synapse.storage.prepare_database - 502 - INFO - main - Running 72/03bg_populate_events_columns.py:run_create
2022-08-16 06:45:06,272 - synapse.storage.prepare_database - 519 - INFO - main - Applying schema 72/03drop_event_reference_hashes.sql
2022-08-16 06:45:06,272 - synapse.storage.prepare_database - 519 - INFO - main - Applying schema 72/03remove_groups.sql
2022-08-16 06:45:06,273 - synapse.storage.prepare_database - 546 - INFO - main - Schema now up to date
2022-08-16 06:45:06,273 - synapse.storage.databases - 66 - INFO - main - [database config 'master']: Checking database server
2022-08-16 06:45:06,273 - synapse.storage.databases - 69 - INFO - main - [database config 'master']: Preparing for databases ['main', 'state']
2022-08-16 06:45:06,273 - synapse.storage.prepare_database - 115 - INFO - main - ['main', 'state']: Checking existing schema version
2022-08-16 06:45:06,274 - synapse.storage.prepare_database - 119 - INFO - main - ['main', 'state']: Existing schema is 72 (+6 deltas)
2022-08-16 06:45:06,274 - synapse.storage.databases.main - 304 - INFO - main - Checking database for consistency with configuration...
2022-08-16 06:45:06,274 - synapse.storage.prepare_database - 411 - INFO - main - Applying schema deltas for v72
2022-08-16 06:45:06,274 - synapse.storage.prepare_database - 546 - INFO - main - Schema now up to date
2022-08-16 06:45:06,275 - synapse.storage.databases - 84 - INFO - main - [database config 'master']: Starting 'main' database
2022-08-16 06:45:06,275 - synapse.storage.util.id_generators - 88 - INFO - main - Initialising stream generator for device_lists_stream(stream_id): 1
2022-08-16 06:45:06,275 - synapse.storage.util.id_generators - 88 - INFO - main - Initialising stream generator for user_signature_stream(stream_id): 1
2022-08-16 06:45:06,275 - synapse.storage.util.id_generators - 88 - INFO - main - Initialising stream generator for device_lists_outbound_pokes(stream_id): 1
2022-08-16 06:45:06,275 - synapse.storage.util.id_generators - 88 - INFO - main - Initialising stream generator for device_lists_changes_in_room(stream_id): 1
2022-08-16 06:45:06,275 - synapse.storage.util.id_generators - 88 - INFO - main - Initialising stream generator for receipts_linearized(stream_id): 1
2022-08-16 06:45:06,275 - synapse.storage.util.id_generators - 88 - INFO - main - Initialising stream generator for events(stream_ordering): 1
2022-08-16 06:45:06,275 - synapse.storage.util.id_generators - 88 - INFO - main - Initialising stream generator for events(stream_ordering): -1
2022-08-16 06:45:06,276 - synapse.storage.util.id_generators - 88 - INFO - main - Initialising stream generator for ex_outlier_stream(event_stream_ordering): -1
2022-08-16 06:45:06,276 - synapse.storage.util.id_generators - 88 - INFO - main - Initialising stream generator for device_inbox(stream_id): 1
2022-08-16 06:45:06,277 - synapse.storage.util.id_generators - 88 - INFO - main - Initialising stream generator for pushers(id): 1
2022-08-16 06:45:06,277 - synapse.storage.util.id_generators - 88 - INFO - main - Initialising stream generator for deleted_pushers(stream_id): 1
2022-08-16 06:45:06,277 - synapse.storage.util.id_generators - 88 - INFO - main - Initialising stream generator for push_rules_stream(stream_id): 1
2022-08-16 06:45:06,278 - synapse.storage.util.id_generators - 88 - INFO - main - Initialising stream generator for room_account_data(stream_id): 1
2022-08-16 06:45:06,278 - synapse.storage.util.id_generators - 88 - INFO - main - Initialising stream generator for room_tags_revisions(stream_id): 1
2022-08-16 06:45:06,278 - synapse.storage.util.id_generators - 88 - INFO - main - Initialising stream generator for e2e_cross_signing_keys(stream_id): 1
2022-08-16 06:45:06,278 - synapse.storage.databases.main.event_push_actions - 688 - INFO - main - Searching for stream ordering 1 month ago
2022-08-16 06:45:06,278 - synapse.storage.databases.main.event_push_actions - 692 - INFO - main - Found stream ordering 1 month ago: it's 0
2022-08-16 06:45:06,278 - synapse.storage.databases.main.event_push_actions - 695 - INFO - main - Searching for stream ordering 1 day ago
2022-08-16 06:45:06,278 - synapse.storage.databases.main.event_push_actions - 699 - INFO - main - Found stream ordering 1 day ago: it's 0
2022-08-16 06:45:06,278 - synapse.storage.util.id_generators - 88 - INFO - main - Initialising stream generator for push_rules(id): 1
2022-08-16 06:45:06,278 - synapse.storage.util.id_generators - 88 - INFO - main - Initialising stream generator for push_rules_enable(id): 1
2022-08-16 06:45:06,279 - synapse.storage.util.id_generators - 88 - INFO - main - Initialising stream generator for presence_stream(stream_id): 1
2022-08-16 06:45:06,279 - synapse.storage.util.id_generators - 88 - INFO - main - Initialising stream generator for access_tokens(id): 1
2022-08-16 06:45:06,279 - synapse.storage.util.id_generators - 88 - INFO - main - Initialising stream generator for refresh_tokens(id): 1
2022-08-16 06:45:06,279 - synapse.storage.util.id_generators - 88 - INFO - main - Initialising stream generator for event_reports(id): 1
2022-08-16 06:45:06,279 - synapse.storage.databases - 101 - INFO - main - [database config 'master']: Starting 'state' database
2022-08-16 06:45:06,279 - synapse.storage.databases - 116 - INFO - main - [database config 'master']: prepared
2022-08-16 06:45:06,280 - synapse.server - 309 - INFO - main - Finished setting up.
2022-08-16 06:45:06,289 - synapse.push.pusher - 38 - INFO - main - email enable notifs: False
2022-08-16 06:45:06,290 - synapse.federation.federation_server - 1365 - INFO - main - Registering federation EDU handler for 'm.device_list_update'
2022-08-16 06:45:06,290 - synapse.federation.federation_server - 1385 - INFO - main - Registering federation query handler for 'profile'
2022-08-16 06:45:06,291 - synapse.federation.federation_server - 1365 - INFO - main - Registering federation EDU handler for 'm.presence'
2022-08-16 06:45:06,291 - synapse.federation.federation_server - 1365 - INFO - main - Registering federation EDU handler for 'm.typing'
2022-08-16 06:45:06,291 - synapse.federation.federation_server - 1385 - INFO - main - Registering federation query handler for 'directory'
2022-08-16 06:45:06,292 - twisted - 274 - INFO - main - Redirected stdout/stderr to logs
2022-08-16 06:45:06,292 - synapse.app.homeserver - 167 - INFO - sentinel - Running
2022-08-16 06:45:06,294 - synapse.app.homeserver - 29 - INFO - sentinel - Set file limit to: 1048576
2022-08-16 06:45:06,294 - synapse.metrics._gc - 120 - INFO - sentinel - Collecting gc 1
2022-08-16 06:45:06,297 - synapse.handlers.deactivate_account - 230 - INFO - user_parter_loop-0 - Starting user parter
2022-08-16 06:45:06,299 - synapse.storage.prepare_database - 115 - INFO - db.on_new_connection - ('main', 'state'): Checking existing schema version
2022-08-16 06:45:06,305 - synapse.util.caches.lrucache - 225 - INFO - sentinel - Expiring LRU caches after 1800 seconds
2022-08-16 06:45:06,313 - synapse.federation.federation_server - 1365 - INFO - sentinel - Registering federation EDU handler for 'm.receipt'
2022-08-16 06:45:06,313 - synapse.federation.federation_server - 1365 - INFO - sentinel - Registering federation EDU handler for 'm.signing_key_update'
2022-08-16 06:45:06,313 - synapse.federation.federation_server - 1365 - INFO - sentinel - Registering federation EDU handler for 'org.matrix.signing_key_update'
2022-08-16 06:45:06,313 - synapse.federation.federation_server - 1385 - INFO - sentinel - Registering federation query handler for 'client_keys'
2022-08-16 06:45:06,314 - synapse.federation.federation_server - 1365 - INFO - sentinel - Registering federation EDU handler for 'm.direct_to_device'
2022-08-16 06:45:06,315 - synapse.util.httpresourcetree - 47 - INFO - sentinel - Attaching <synapse.rest.health.HealthResource object at 0x7f3c0545ac40> to path b'/health'
2022-08-16 06:45:06,315 - synapse.util.httpresourcetree - 47 - INFO - sentinel - Attaching <synapse.rest.ClientRestResource object at 0x7f3c0545ad60> to path b'/_matrix/client'
2022-08-16 06:45:06,315 - synapse.util.httpresourcetree - 47 - INFO - sentinel - Attaching <twisted.web.resource.Resource object at 0x7f3c054265b0> to path b'/.well-known'
2022-08-16 06:45:06,315 - synapse.util.httpresourcetree - 47 - INFO - sentinel - Attaching <synapse.rest.admin.AdminRestResource object at 0x7f3c05426790> to path b'/_synapse/admin'
2022-08-16 06:45:06,315 - synapse.util.httpresourcetree - 47 - INFO - sentinel - Attaching <synapse.rest.synapse.client.pick_idp.PickIdpResource object at 0x7f3c0542deb0> to path b'/_synapse/client/pick_idp'
2022-08-16 06:45:06,315 - synapse.util.httpresourcetree - 47 - INFO - sentinel - Attaching <twisted.web.resource.Resource object at 0x7f3c0542dee0> to path b'/_synapse/client/pick_username'
2022-08-16 06:45:06,316 - synapse.util.httpresourcetree - 47 - INFO - sentinel - Attaching <synapse.rest.synapse.client.new_user_consent.NewUserConsentResource object at 0x7f3c05439340> to path b'/_synapse/client/new_user_consent'
2022-08-16 06:45:06,316 - synapse.util.httpresourcetree - 47 - INFO - sentinel - Attaching <synapse.rest.synapse.client.sso_register.SsoRegisterResource object at 0x7f3c05439370> to path b'/_synapse/client/sso_register'
2022-08-16 06:45:06,316 - synapse.util.httpresourcetree - 47 - INFO - sentinel - Attaching <synapse.rest.synapse.client.unsubscribe.UnsubscribeResource object at 0x7f3c054395e0> to path b'/_synapse/client/unsubscribe'
2022-08-16 06:45:06,316 - synapse.util.httpresourcetree - 47 - INFO - sentinel - Attaching FilePath('/usr/local/lib/python3.9/site-packages/synapse/static') to path b'/_matrix/static'
2022-08-16 06:45:06,316 - synapse.util.httpresourcetree - 47 - INFO - sentinel - Attaching <synapse.rest.media.v1.media_repository.MediaRepositoryResource object at 0x7f3c05439610> to path b'/_matrix/media/r0'
2022-08-16 06:45:06,316 - synapse.util.httpresourcetree - 47 - INFO - sentinel - Attaching <synapse.rest.media.v1.media_repository.MediaRepositoryResource object at 0x7f3c05439610> to path b'/_matrix/media/v3'
2022-08-16 06:45:06,316 - synapse.util.httpresourcetree - 47 - INFO - sentinel - Attaching <synapse.rest.media.v1.media_repository.MediaRepositoryResource object at 0x7f3c05439610> to path b'/_matrix/media/v1'
2022-08-16 06:45:06,316 - twisted - 274 - INFO - sentinel - SynapseSite starting on 8008
2022-08-16 06:45:06,316 - synapse.app.homeserver - 173 - INFO - sentinel - Synapse now listening on TCP port 8008
2022-08-16 06:45:06,362 - synapse.storage.background_updates - 288 - INFO - background_updates-0 - Starting background schema updates
2022-08-16 06:45:06,362 - synapse.storage.prepare_database - 145 - INFO - db.on_new_connection - ('main', 'state'): Initialising new database
2022-08-16 06:45:06,387 - synapse.storage.prepare_database - 411 - INFO - db.on_new_connection - Applying schema deltas for v55
2022-08-16 06:45:06,388 - synapse.storage.prepare_database - 519 - INFO - db.on_new_connection - Applying schema 55/access_token_expiry.sql
2022-08-16 06:45:06,390 - synapse.storage.prepare_database - 519 - INFO - db.on_new_connection - Applying schema 55/track_threepid_validations.sql
2022-08-16 06:45:06,391 - synapse.storage.prepare_database - 519 - INFO - db.on_new_connection - Applying schema 55/users_alter_deactivated.sql
2022-08-16 06:45:06,392 - synapse.storage.prepare_database - 411 - INFO - db.on_new_connection - Applying schema deltas for v56
2022-08-16 06:45:06,393 - synapse.storage.prepare_database - 519 - INFO - db.on_new_connection - Applying schema 56/add_spans_to_device_lists.sql
2022-08-16 06:45:06,394 - synapse.storage.prepare_database - 519 - INFO - db.on_new_connection - Applying schema 56/current_state_events_membership.sql
2022-08-16 06:45:06,395 - synapse.storage.prepare_database - 519 - INFO - db.on_new_connection - Applying schema 56/current_state_events_membership_mk2.sql
2022-08-16 06:45:06,396 - synapse.storage.prepare_database - 519 - INFO - db.on_new_connection - Applying schema 56/delete_keys_from_deleted_backups.sql
2022-08-16 06:45:06,396 - synapse.storage.prepare_database - 519 - INFO - db.on_new_connection - Applying schema 56/destinations_failure_ts.sql
2022-08-16 06:45:06,397 - synapse.storage.prepare_database - 519 - INFO - db.on_new_connection - Applying schema 56/device_stream_id_insert.sql
2022-08-16 06:45:06,397 - synapse.storage.prepare_database - 519 - INFO - db.on_new_connection - Applying schema 56/devices_last_seen.sql
2022-08-16 06:45:06,400 - synapse.storage.prepare_database - 519 - INFO - db.on_new_connection - Applying schema 56/drop_unused_event_tables.sql
2022-08-16 06:45:06,401 - synapse.storage.prepare_database - 519 - INFO - db.on_new_connection - Applying schema 56/event_expiry.sql
2022-08-16 06:45:06,401 - synapse.storage.prepare_database - 519 - INFO - db.on_new_connection - Applying schema 56/event_labels.sql
2022-08-16 06:45:06,402 - synapse.storage.prepare_database - 519 - INFO - db.on_new_connection - Applying schema 56/event_labels_background_update.sql
2022-08-16 06:45:06,402 - synapse.storage.prepare_database - 519 - INFO - db.on_new_connection - Applying schema 56/fix_room_keys_index.sql
2022-08-16 06:45:06,403 - synapse.storage.prepare_database - 519 - INFO - db.on_new_connection - Applying schema 56/hidden_devices.sql
2022-08-16 06:45:06,404 - synapse.storage.prepare_database - 527 - INFO - db.on_new_connection - Applying engine-specific schema 56/hidden_devices_fix.sql.sqlite
2022-08-16 06:45:06,408 - synapse.storage.prepare_database - 519 - INFO - db.on_new_connection - Applying schema 56/nuke_empty_communities_from_db.sql
2022-08-16 06:45:06,409 - synapse.storage.prepare_database - 519 - INFO - db.on_new_connection - Applying schema 56/public_room_list_idx.sql
2022-08-16 06:45:06,409 - synapse.storage.prepare_database - 519 - INFO - db.on_new_connection - Applying schema 56/redaction_censor.sql
2022-08-16 06:45:06,410 - synapse.storage.prepare_database - 519 - INFO - db.on_new_connection - Applying schema 56/redaction_censor2.sql
2022-08-16 06:45:06,414 - synapse.storage.prepare_database - 519 - INFO - db.on_new_connection - Applying schema 56/redaction_censor4.sql
2022-08-16 06:45:06,415 - synapse.storage.prepare_database - 519 - INFO - db.on_new_connection - Applying schema 56/remove_tombstoned_rooms_from_directory.sql
2022-08-16 06:45:06,415 - synapse.access.http.8008 - 450 - INFO - GET-1 - ::ffff:172.17.0.1 - 8008 - {None} Processed request: 0.002sec/0.002sec (0.001sec, 0.000sec) (0.000sec/0.000sec/0) 140B 200 "GET /_synapse/admin/v1/register HTTP/1.1" "Mozilla/5.0 (X11; Linux x86_64) AppleWebKit/537.36 (KHTML, like Gecko) Chrome/104.0.5112.79 Safari/537.36" [0 dbevts]
2022-08-16 06:45:06,416 - synapse.storage.prepare_database - 519 - INFO - db.on_new_connection - Applying schema 56/room_key_etag.sql
2022-08-16 06:45:06,418 - synapse.storage.prepare_database - 519 - INFO - db.on_new_connection - Applying schema 56/room_membership_idx.sql
2022-08-16 06:45:06,418 - synapse.storage.prepare_database - 519 - INFO - db.on_new_connection - Applying schema 56/room_retention.sql
2022-08-16 06:45:06,418 - synapse.storage.prepare_database - 519 - INFO - db.on_new_connection - Applying schema 56/signing_keys.sql
2022-08-16 06:45:06,419 - synapse.storage.prepare_database - 519 - INFO - db.on_new_connection - Applying schema 56/signing_keys_nonunique_signatures.sql
2022-08-16 06:45:06,419 - synapse.storage.prepare_database - 519 - INFO - db.on_new_connection - Applying schema 56/state_group_room_idx.sql
2022-08-16 06:45:06,419 - synapse.storage.prepare_database - 519 - INFO - db.on_new_connection - Applying schema 56/stats_separated.sql
2022-08-16 06:45:06,421 - synapse.storage.prepare_database - 502 - INFO - db.on_new_connection - Running 56/unique_user_filter_index.py:run_create
2022-08-16 06:45:06,426 - synapse.storage.prepare_database - 519 - INFO - db.on_new_connection - Applying schema 56/user_external_ids.sql
2022-08-16 06:45:06,426 - synapse.storage.prepare_database - 519 - INFO - db.on_new_connection - Applying schema 56/users_in_public_rooms_idx.sql
2022-08-16 06:45:06,427 - synapse.storage.prepare_database - 411 - INFO - db.on_new_connection - Applying schema deltas for v57
2022-08-16 06:45:06,427 - synapse.storage.prepare_database - 519 - INFO - db.on_new_connection - Applying schema 57/delete_old_current_state_events.sql
2022-08-16 06:45:06,427 - synapse.storage.prepare_database - 519 - INFO - db.on_new_connection - Applying schema 57/device_list_remote_cache_stale.sql
2022-08-16 06:45:06,428 - synapse.storage.prepare_database - 502 - INFO - db.on_new_connection - Running 57/local_current_membership.py:run_create
2022-08-16 06:45:06,428 - synapse.storage.prepare_database - 519 - INFO - db.on_new_connection - Applying schema 57/remove_sent_outbound_pokes.sql
2022-08-16 06:45:06,428 - synapse.storage.prepare_database - 519 - INFO - db.on_new_connection - Applying schema 57/rooms_version_column.sql
2022-08-16 06:45:06,429 - synapse.storage.prepare_database - 527 - INFO - db.on_new_connection - Applying engine-specific schema 57/rooms_version_column_2.sql.sqlite
2022-08-16 06:45:06,430 - synapse.storage.prepare_database - 527 - INFO - db.on_new_connection - Applying engine-specific schema 57/rooms_version_column_3.sql.sqlite
2022-08-16 06:45:06,430 - synapse.storage.prepare_database - 411 - INFO - db.on_new_connection - Applying schema deltas for v58
2022-08-16 06:45:06,430 - synapse.storage.prepare_database - 519 - INFO - db.on_new_connection - Applying schema 58/00background_update_ordering.sql
2022-08-16 06:45:06,432 - synapse.storage.prepare_database - 519 - INFO - db.on_new_connection - Applying schema 58/02remove_dup_outbound_pokes.sql
2022-08-16 06:45:06,432 - synapse.storage.prepare_database - 519 - INFO - db.on_new_connection - Applying schema 58/03persist_ui_auth.sql
2022-08-16 06:45:06,432 - synapse.storage.prepare_database - 502 - INFO - db.on_new_connection - Running 58/06dlols_unique_idx.py:run_create
2022-08-16 06:45:06,432 - synapse.storage.v58_06dlols_unique_idx - 51 - INFO - db.on_new_connection - Rebuilding device_lists_outbound_last_success with unique index
2022-08-16 06:45:06,437 - synapse.storage.prepare_database - 527 - INFO - db.on_new_connection - Applying engine-specific schema 58/07add_method_to_thumbnail_constraint.sql.sqlite
2022-08-16 06:45:06,446 - synapse.storage.prepare_database - 519 - INFO - db.on_new_connection - Applying schema 58/07persist_ui_auth_ips.sql
2022-08-16 06:45:06,446 - synapse.storage.prepare_database - 527 - INFO - db.on_new_connection - Applying engine-specific schema 58/08_media_safe_from_quarantine.sql.sqlite
2022-08-16 06:45:06,448 - synapse.storage.prepare_database - 519 - INFO - db.on_new_connection - Applying schema 58/09shadow_ban.sql
2022-08-16 06:45:06,449 - synapse.storage.prepare_database - 519 - INFO - db.on_new_connection - Applying schema 58/10_pushrules_enabled_delete_obsolete.sql
2022-08-16 06:45:06,449 - synapse.storage.prepare_database - 519 - INFO - db.on_new_connection - Applying schema 58/10drop_local_rejections_stream.sql
2022-08-16 06:45:06,449 - synapse.storage.prepare_database - 519 - INFO - db.on_new_connection - Applying schema 58/10federation_pos_instance_name.sql
2022-08-16 06:45:06,450 - synapse.storage.prepare_database - 519 - INFO - db.on_new_connection - Applying schema 58/11dehydration.sql
2022-08-16 06:45:06,451 - synapse.storage.prepare_database - 519 - INFO - db.on_new_connection - Applying schema 58/11fallback.sql
2022-08-16 06:45:06,451 - synapse.storage.prepare_database - 502 - INFO - db.on_new_connection - Running 58/11user_id_seq.py:run_create
2022-08-16 06:45:06,451 - synapse.storage.prepare_database - 519 - INFO - db.on_new_connection - Applying schema 58/12room_stats.sql
2022-08-16 06:45:06,451 - synapse.storage.prepare_database - 519 - INFO - db.on_new_connection - Applying schema 58/13remove_presence_allow_inbound.sql
2022-08-16 06:45:06,451 - synapse.storage.prepare_database - 519 - INFO - db.on_new_connection - Applying schema 58/14events_instance_name.sql
2022-08-16 06:45:06,453 - synapse.storage.prepare_database - 519 - INFO - db.on_new_connection - Applying schema 58/15_catchup_destination_rooms.sql
2022-08-16 06:45:06,453 - synapse.storage.prepare_database - 519 - INFO - db.on_new_connection - Applying schema 58/15unread_count.sql
2022-08-16 06:45:06,457 - synapse.storage.prepare_database - 519 - INFO - db.on_new_connection - Applying schema 58/16populate_stats_process_rooms_fix.sql
2022-08-16 06:45:06,457 - synapse.storage.prepare_database - 519 - INFO - db.on_new_connection - Applying schema 58/17_catchup_last_successful.sql
2022-08-16 06:45:06,458 - synapse.storage.prepare_database - 519 - INFO - db.on_new_connection - Applying schema 58/18stream_positions.sql
2022-08-16 06:45:06,458 - synapse.storage.prepare_database - 519 - INFO - db.on_new_connection - Applying schema 58/19txn_id.sql
2022-08-16 06:45:06,459 - synapse.storage.prepare_database - 519 - INFO - db.on_new_connection - Applying schema 58/20instance_name_event_tables.sql
2022-08-16 06:45:06,461 - synapse.storage.prepare_database - 519 - INFO - db.on_new_connection - Applying schema 58/20user_daily_visits.sql
2022-08-16 06:45:06,462 - synapse.storage.prepare_database - 519 - INFO - db.on_new_connection - Applying schema 58/21as_device_stream.sql
2022-08-16 06:45:06,464 - synapse.storage.prepare_database - 519 - INFO - db.on_new_connection - Applying schema 58/21drop_device_max_stream_id.sql
2022-08-16 06:45:06,465 - synapse.storage.prepare_database - 519 - INFO - db.on_new_connection - Applying schema 58/22puppet_token.sql
2022-08-16 06:45:06,466 - synapse.storage.prepare_database - 519 - INFO - db.on_new_connection - Applying schema 58/22users_have_local_media.sql
2022-08-16 06:45:06,466 - synapse.storage.prepare_database - 519 - INFO - db.on_new_connection - Applying schema 58/23e2e_cross_signing_keys_idx.sql
2022-08-16 06:45:06,466 - synapse.storage.prepare_database - 519 - INFO - db.on_new_connection - Applying schema 58/24drop_event_json_index.sql
2022-08-16 06:45:06,466 - synapse.storage.prepare_database - 519 - INFO - db.on_new_connection - Applying schema 58/25user_external_ids_user_id_idx.sql
2022-08-16 06:45:06,467 - synapse.storage.prepare_database - 519 - INFO - db.on_new_connection - Applying schema 58/26access_token_last_validated.sql
2022-08-16 06:45:06,468 - synapse.storage.prepare_database - 519 - INFO - db.on_new_connection - Applying schema 58/27local_invites.sql
2022-08-16 06:45:06,469 - synapse.storage.prepare_database - 527 - INFO - db.on_new_connection - Applying engine-specific schema 58/28drop_last_used_column.sql.sqlite
2022-08-16 06:45:06,478 - synapse.storage.prepare_database - 411 - INFO - db.on_new_connection - Applying schema deltas for v59
2022-08-16 06:45:06,479 - synapse.storage.prepare_database - 502 - INFO - db.on_new_connection - Running 59/01ignored_user.py:run_create
2022-08-16 06:45:06,479 - synapse.storage.v59_01ignored_user - 35 - INFO - db.on_new_connection - Creating ignored_users table
2022-08-16 06:45:06,479 - synapse.storage.v59_01ignored_user - 45 - INFO - db.on_new_connection - Converting existing ignore lists
2022-08-16 06:45:06,479 - synapse.storage.v59_01ignored_user - 61 - INFO - db.on_new_connection - Adding constraints to ignored_users table
2022-08-16 06:45:06,479 - synapse.storage.prepare_database - 519 - INFO - db.on_new_connection - Applying schema 59/02shard_send_to_device.sql
2022-08-16 06:45:06,483 - synapse.storage.prepare_database - 519 - INFO - db.on_new_connection - Applying schema 59/04_event_auth_chains.sql
2022-08-16 06:45:06,485 - synapse.storage.prepare_database - 519 - INFO - db.on_new_connection - Applying schema 59/04drop_account_data.sql
2022-08-16 06:45:06,486 - synapse.storage.prepare_database - 519 - INFO - db.on_new_connection - Applying schema 59/05cache_invalidation.sql
2022-08-16 06:45:06,486 - synapse.storage.prepare_database - 519 - INFO - db.on_new_connection - Applying schema 59/06chain_cover_index.sql
2022-08-16 06:45:06,486 - synapse.storage.prepare_database - 519 - INFO - db.on_new_connection - Applying schema 59/06shard_account_data.sql
2022-08-16 06:45:06,491 - synapse.storage.prepare_database - 519 - INFO - db.on_new_connection - Applying schema 59/07shard_account_data_fix.sql
2022-08-16 06:45:06,491 - synapse.storage.prepare_database - 519 - INFO - db.on_new_connection - Applying schema 59/08delete_pushers_for_deactivated_accounts.sql
2022-08-16 06:45:06,491 - synapse.storage.prepare_database - 519 - INFO - db.on_new_connection - Applying schema 59/08delete_stale_pushers.sql
2022-08-16 06:45:06,491 - synapse.storage.prepare_database - 519 - INFO - db.on_new_connection - Applying schema 59/09rejected_events_metadata.sql
2022-08-16 06:45:06,491 - synapse.storage.prepare_database - 519 - INFO - db.on_new_connection - Applying schema 59/10delete_purged_chain_cover.sql
2022-08-16 06:45:06,492 - synapse.storage.prepare_database - 519 - INFO - db.on_new_connection - Applying schema 59/11add_knock_members_to_stats.sql
2022-08-16 06:45:06,494 - synapse.storage.prepare_database - 519 - INFO - db.on_new_connection - Applying schema 59/12account_validity_token_used_ts_ms.sql
2022-08-16 06:45:06,495 - synapse.storage.prepare_database - 519 - INFO - db.on_new_connection - Applying schema 59/12presence_stream_instance.sql
2022-08-16 06:45:06,496 - synapse.storage.prepare_database - 519 - INFO - db.on_new_connection - Applying schema 59/13users_to_send_full_presence_to.sql
2022-08-16 06:45:06,497 - synapse.storage.prepare_database - 519 - INFO - db.on_new_connection - Applying schema 59/14refresh_tokens.sql
2022-08-16 06:45:06,499 - synapse.storage.prepare_database - 519 - INFO - db.on_new_connection - Applying schema 59/15locks.sql
2022-08-16 06:45:06,499 - synapse.storage.prepare_database - 519 - INFO - db.on_new_connection - Applying schema 59/16federation_inbound_staging.sql
2022-08-16 06:45:06,500 - synapse.storage.prepare_database - 411 - INFO - db.on_new_connection - Applying schema deltas for v60
2022-08-16 06:45:06,500 - synapse.storage.prepare_database - 411 - INFO - db.on_new_connection - Applying schema deltas for v61
2022-08-16 06:45:06,500 - synapse.storage.prepare_database - 519 - INFO - db.on_new_connection - Applying schema 61/01insertion_event_lookups.sql
2022-08-16 06:45:06,501 - synapse.storage.prepare_database - 519 - INFO - db.on_new_connection - Applying schema 61/02drop_redundant_room_depth_index.sql
2022-08-16 06:45:06,502 - synapse.storage.prepare_database - 502 - INFO - db.on_new_connection - Running 61/03recreate_min_depth.py:run_create
2022-08-16 06:45:06,502 - synapse.storage.prepare_database - 411 - INFO - db.on_new_connection - Applying schema deltas for v62
2022-08-16 06:45:06,502 - synapse.storage.prepare_database - 519 - INFO - db.on_new_connection - Applying schema 62/01insertion_event_extremities.sql
2022-08-16 06:45:06,502 - synapse.storage.prepare_database - 411 - INFO - db.on_new_connection - Applying schema deltas for v63
2022-08-16 06:45:06,502 - synapse.storage.prepare_database - 519 - INFO - db.on_new_connection - Applying schema 63/01create_registration_tokens.sql
2022-08-16 06:45:06,503 - synapse.storage.prepare_database - 519 - INFO - db.on_new_connection - Applying schema 63/02delete_unlinked_email_pushers.sql
2022-08-16 06:45:06,503 - synapse.storage.prepare_database - 519 - INFO - db.on_new_connection - Applying schema 63/02populate-rooms-creator.sql
2022-08-16 06:45:06,503 - synapse.storage.prepare_database - 519 - INFO - db.on_new_connection - Applying schema 63/03session_store.sql
2022-08-16 06:45:06,503 - synapse.storage.prepare_database - 519 - INFO - db.on_new_connection - Applying schema 63/04add_presence_stream_not_offline_index.sql
2022-08-16 06:45:06,503 - synapse.storage.prepare_database - 411 - INFO - db.on_new_connection - Applying schema deltas for v64
2022-08-16 06:45:06,503 - synapse.storage.prepare_database - 527 - INFO - db.on_new_connection - Applying engine-specific schema 64/01msc2716_chunk_to_batch_rename.sql.sqlite
2022-08-16 06:45:06,504 - synapse.storage.prepare_database - 411 - INFO - db.on_new_connection - Applying schema deltas for v65
2022-08-16 06:45:06,505 - synapse.storage.prepare_database - 519 - INFO - db.on_new_connection - Applying schema 65/01msc2716_insertion_event_edges.sql
2022-08-16 06:45:06,505 - synapse.storage.prepare_database - 519 - INFO - db.on_new_connection - Applying schema 65/03remove_hidden_devices_from_device_inbox.sql
2022-08-16 06:45:06,505 - synapse.storage.prepare_database - 519 - INFO - db.on_new_connection - Applying schema 65/04_local_group_updates.sql
2022-08-16 06:45:06,505 - synapse.storage.prepare_database - 519 - INFO - db.on_new_connection - Applying schema 65/05_remove_room_stats_historical_and_user_stats_historical.sql
2022-08-16 06:45:06,506 - synapse.storage.prepare_database - 519 - INFO - db.on_new_connection - Applying schema 65/06remove_deleted_devices_from_device_inbox.sql
2022-08-16 06:45:06,506 - synapse.storage.prepare_database - 519 - INFO - db.on_new_connection - Applying schema 65/07_arbitrary_relations.sql
2022-08-16 06:45:06,506 - synapse.storage.prepare_database - 519 - INFO - db.on_new_connection - Applying schema 65/08_device_inbox_background_updates.sql
2022-08-16 06:45:06,506 - synapse.storage.prepare_database - 519 - INFO - db.on_new_connection - Applying schema 65/10_expirable_refresh_tokens.sql
2022-08-16 06:45:06,509 - synapse.storage.prepare_database - 519 - INFO - db.on_new_connection - Applying schema 65/11_devices_auth_provider_session.sql
2022-08-16 06:45:06,509 - synapse.storage.prepare_database - 411 - INFO - db.on_new_connection - Applying schema deltas for v66
2022-08-16 06:45:06,509 - synapse.storage.prepare_database - 411 - INFO - db.on_new_connection - Applying schema deltas for v67
2022-08-16 06:45:06,509 - synapse.storage.prepare_database - 519 - INFO - db.on_new_connection - Applying schema 67/01drop_public_room_list_stream.sql
2022-08-16 06:45:06,510 - synapse.storage.prepare_database - 411 - INFO - db.on_new_connection - Applying schema deltas for v68
2022-08-16 06:45:06,510 - synapse.storage.prepare_database - 519 - INFO - db.on_new_connection - Applying schema 68/01event_columns.sql
2022-08-16 06:45:06,512 - synapse.storage.prepare_database - 519 - INFO - db.on_new_connection - Applying schema 68/02_msc2409_add_device_id_appservice_stream_type.sql
2022-08-16 06:45:06,513 - synapse.storage.prepare_database - 519 - INFO - db.on_new_connection - Applying schema 68/03_delete_account_data_for_deactivated_accounts.sql
2022-08-16 06:45:06,514 - synapse.storage.prepare_database - 519 - INFO - db.on_new_connection - Applying schema 68/04_refresh_tokens_index_next_token_id.sql
2022-08-16 06:45:06,514 - synapse.storage.prepare_database - 519 - INFO - db.on_new_connection - Applying schema 68/04partial_state_rooms.sql
2022-08-16 06:45:06,514 - synapse.storage.prepare_database - 527 - INFO - db.on_new_connection - Applying engine-specific schema 68/05_delete_non_strings_from_event_search.sql.sqlite
2022-08-16 06:45:06,515 - synapse.storage.prepare_database - 502 - INFO - db.on_new_connection - Running 68/05partial_state_rooms_triggers.py:run_create
2022-08-16 06:45:06,515 - synapse.storage.prepare_database - 519 - INFO - db.on_new_connection - Applying schema 68/06_msc3202_add_device_list_appservice_stream_type.sql
2022-08-16 06:45:06,516 - synapse.storage.prepare_database - 411 - INFO - db.on_new_connection - Applying schema deltas for v69
2022-08-16 06:45:06,516 - synapse.storage.prepare_database - 502 - INFO - db.on_new_connection - Running 69/01as_txn_seq.py:run_create
2022-08-16 06:45:06,517 - synapse.storage.prepare_database - 519 - INFO - db.on_new_connection - Applying schema 69/01device_list_oubound_by_room.sql
2022-08-16 06:45:06,517 - synapse.storage.prepare_database - 519 - INFO - db.on_new_connection - Applying schema 69/02cache_invalidation_index.sql
2022-08-16 06:45:06,520 - synapse.storage.prepare_database - 411 - INFO - db.on_new_connection - Applying schema deltas for v70
2022-08-16 06:45:06,520 - synapse.storage.prepare_database - 519 - INFO - db.on_new_connection - Applying schema 70/01clean_table_purged_rooms.sql
2022-08-16 06:45:06,520 - synapse.storage.prepare_database - 519 - INFO - db.on_new_connection - Applying schema 70/08_state_group_edges_unique.sql
2022-08-16 06:45:06,520 - synapse.storage.prepare_database - 411 - INFO - db.on_new_connection - Applying schema deltas for v71
2022-08-16 06:45:06,521 - synapse.storage.prepare_database - 527 - INFO - db.on_new_connection - Applying engine-specific schema 71/01rebuild_event_edges.sql.sqlite
2022-08-16 06:45:06,526 - synapse.storage.prepare_database - 519 - INFO - db.on_new_connection - Applying schema 71/01remove_noop_background_updates.sql
2022-08-16 06:45:06,527 - synapse.storage.prepare_database - 519 - INFO - db.on_new_connection - Applying schema 71/02event_push_summary_unique.sql
2022-08-16 06:45:06,527 - synapse.storage.prepare_database - 411 - INFO - db.on_new_connection - Applying schema deltas for v72
2022-08-16 06:45:06,527 - synapse.storage.prepare_database - 519 - INFO - db.on_new_connection - Applying schema 72/01add_room_type_to_state_stats.sql
2022-08-16 06:45:06,528 - synapse.storage.prepare_database - 519 - INFO - db.on_new_connection - Applying schema 72/01event_push_summary_receipt.sql
2022-08-16 06:45:06,530 - synapse.storage.prepare_database - 519 - INFO - db.on_new_connection - Applying schema 72/02event_push_actions_index.sql
2022-08-16 06:45:06,530 - synapse.storage.prepare_database - 502 - INFO - db.on_new_connection - Running 72/03bg_populate_events_columns.py:run_create
2022-08-16 06:45:06,530 - synapse.storage.prepare_database - 519 - INFO - db.on_new_connection - Applying schema 72/03drop_event_reference_hashes.sql
2022-08-16 06:45:06,530 - synapse.storage.prepare_database - 519 - INFO - db.on_new_connection - Applying schema 72/03remove_groups.sql
2022-08-16 06:45:06,532 - synapse.storage.prepare_database - 546 - INFO - db.on_new_connection - Schema now up to date
2022-08-16 06:45:06,533 - synapse.handlers.deactivate_account - 240 - INFO - user_parter_loop-0 - User parter finished: stopping
2022-08-16 06:45:06,535 - synapse.push.pusherpool - 314 - INFO - start_pushers-0 - Started pushers
2022-08-16 06:45:06,736 - synapse.handlers.auth - 965 - INFO - POST-2 - Logging in user @userid_408:localhost on device HZQGTGDKBZ
2022-08-16 06:45:06,739 - synapse.access.http.8008 - 450 - INFO - POST-2 - ::ffff:172.17.0.1 - 8008 - {None} Processed request: 0.256sec/0.000sec (0.236sec, 0.001sec) (0.004sec/0.005sec/13) 150B 200 "POST /_synapse/admin/v1/register HTTP/1.1" "Mozilla/5.0 (X11; Linux x86_64) AppleWebKit/537.36 (KHTML, like Gecko) Chrome/104.0.5112.79 Safari/537.36" [0 dbevts]
2022-08-16 06:45:06,754 - synapse.rest.client.login - 283 - INFO - POST-3 - Got login request with identifier: {'type': 'm.id.user', 'user': 'userId_408'}, medium: None, address: None, user: None
2022-08-16 06:45:06,981 - synapse.handlers.auth - 965 - INFO - POST-3 - Logging in user @userid_408:localhost on device HEGYUSZXTV
2022-08-16 06:45:06,985 - synapse.access.http.8008 - 450 - INFO - POST-3 - ::ffff:172.17.0.1 - 8008 - {None} Processed request: 0.230sec/0.001sec (0.219sec, 0.000sec) (0.002sec/0.002sec/5) 219B 200 "POST /_matrix/client/r0/login HTTP/1.1" "Mozilla/5.0 (X11; Linux x86_64) AppleWebKit/537.36 (KHTML, like Gecko) Chrome/104.0.5112.79 Safari/537.36" [0 dbevts]
2022-08-16 06:45:07,538 - synapse.storage.background_updates - 428 - INFO - background_updates-0 - Starting update batch on background update 'add_room_type_column'
2022-08-16 06:45:07,540 - synapse.storage.background_updates - 471 - INFO - background_updates-0 - Running background update 'add_room_type_column'. Processed 100 items in 1ms. (total_rate=100.0/ms, current_rate=100.0/ms, total_updated=100, batch_size=100)
2022-08-16 06:45:08,542 - synapse.storage.background_updates - 428 - INFO - background_updates-0 - Starting update batch on background update 'add_rooms_room_version_column'
2022-08-16 06:45:08,545 - synapse.storage.background_updates - 471 - INFO - background_updates-0 - Running background update 'add_rooms_room_version_column'. Processed 100 items in 2ms. (total_rate=50.0/ms, current_rate=50.0/ms, total_updated=100, batch_size=100)
2022-08-16 06:45:09,194 - synapse.access.http.8008 - 450 - INFO - GET-4 - ::ffff:172.17.0.1 - 8008 - {@userid_408:localhost} Processed request: 0.003sec/0.001sec (0.000sec, 0.000sec) (0.001sec/0.000sec/2) 2B 200 "GET /_matrix/client/r0/thirdparty/protocols HTTP/1.1" "Mozilla/5.0 (X11; Linux x86_64) AppleWebKit/537.36 (KHTML, like Gecko) Chrome/104.0.5112.79 Safari/537.36" [0 dbevts]
2022-08-16 06:45:09,337 - synapse.http.server - 169 - INFO - GET-5 - <XForwardedForRequest at 0x7f3c0476deb0 method='GET' uri='/_matrix/client/unstable/room_keys/version' clientproto='HTTP/1.1' site='8008'> SynapseError: 404 - No backup found
2022-08-16 06:45:09,338 - synapse.access.http.8008 - 450 - INFO - GET-5 - ::ffff:172.17.0.1 - 8008 - {@userid_408:localhost} Processed request: 0.002sec/0.001sec (0.000sec, 0.000sec) (0.000sec/0.000sec/1) 51B 404 "GET /_matrix/client/unstable/room_keys/version HTTP/1.1" "Mozilla/5.0 (X11; Linux x86_64) AppleWebKit/537.36 (KHTML, like Gecko) Chrome/104.0.5112.79 Safari/537.36" [0 dbevts]
2022-08-16 06:45:09,341 - synapse.access.http.8008 - 450 - INFO - GET-6 - ::ffff:172.17.0.1 - 8008 - {@userid_408:localhost} Processed request: 0.001sec/0.001sec (0.000sec, 0.000sec) (0.000sec/0.000sec/0) 2B 200 "GET /_matrix/client/r0/voip/turnServer HTTP/1.1" "Mozilla/5.0 (X11; Linux x86_64) AppleWebKit/537.36 (KHTML, like Gecko) Chrome/104.0.5112.79 Safari/537.36" [0 dbevts]
2022-08-16 06:45:09,351 - synapse.access.http.8008 - 450 - INFO - GET-7 - ::ffff:172.17.0.1 - 8008 - {None} Processed request: 0.000sec/0.001sec (0.000sec, 0.000sec) (0.000sec/0.000sec/0) 600B 200 "GET /_matrix/client/versions HTTP/1.1" "Mozilla/5.0 (X11; Linux x86_64) AppleWebKit/537.36 (KHTML, like Gecko) Chrome/104.0.5112.79 Safari/537.36" [0 dbevts]
2022-08-16 06:45:09,389 - synapse.access.http.8008 - 450 - INFO - GET-8 - ::ffff:172.17.0.1 - 8008 - {@userid_408:localhost} Processed request: 0.005sec/0.001sec (0.002sec, 0.000sec) (0.001sec/0.000sec/2) 3526B 200 "GET /_matrix/client/r0/pushrules/ HTTP/1.1" "Mozilla/5.0 (X11; Linux x86_64) AppleWebKit/537.36 (KHTML, like Gecko) Chrome/104.0.5112.79 Safari/537.36" [0 dbevts]
2022-08-16 06:45:09,455 - synapse.handlers.e2e_keys - 548 - INFO - POST-9 - Updating device_keys for device 'HEGYUSZXTV' for user @userid_408:localhost at 1660632309455
2022-08-16 06:45:09,463 - synapse.access.http.8008 - 450 - INFO - POST-9 - ::ffff:172.17.0.1 - 8008 - {@userid_408:localhost} Processed request: 0.007sec/0.001sec (0.000sec, 0.000sec) (0.002sec/0.001sec/3) 47B 200 "POST /_matrix/client/r0/keys/upload HTTP/1.1" "Mozilla/5.0 (X11; Linux x86_64) AppleWebKit/537.36 (KHTML, like Gecko) Chrome/104.0.5112.79 Safari/537.36" [0 dbevts]
2022-08-16 06:45:09,534 - synapse.access.http.8008 - 450 - INFO - POST-10 - ::ffff:172.17.0.1 - 8008 - {@userid_408:localhost} Processed request: 0.007sec/0.001sec (0.006sec, 0.000sec) (0.000sec/0.000sec/1) 17B 200 "POST /_matrix/client/r0/user/%40userid_408%3Alocalhost/filter HTTP/1.1" "Mozilla/5.0 (X11; Linux x86_64) AppleWebKit/537.36 (KHTML, like Gecko) Chrome/104.0.5112.79 Safari/537.36" [0 dbevts]
2022-08-16 06:45:09,547 - synapse.storage.background_updates - 428 - INFO - background_updates-0 - Starting update batch on background update 'current_state_events_membership'
2022-08-16 06:45:09,551 - synapse.storage.background_updates - 471 - INFO - background_updates-0 - Running background update 'current_state_events_membership'. Processed 0 items in 2ms. (total_rate=None/ms, current_rate=None/ms, total_updated=0, batch_size=100)
2022-08-16 06:45:09,641 - synapse.access.http.8008 - 450 - INFO - GET-11 - ::ffff:172.17.0.1 - 8008 - {@userid_408:localhost} Processed request: 0.019sec/0.001sec (0.002sec, 0.000sec) (0.003sec/0.002sec/10) 3928B 200 "GET /_matrix/client/r0/sync?filter=0&timeout=0&_cacheBuster=1660632309609 HTTP/1.1" "Mozilla/5.0 (X11; Linux x86_64) AppleWebKit/537.36 (KHTML, like Gecko) Chrome/104.0.5112.79 Safari/537.36" [0 dbevts]
2022-08-16 06:45:09,855 - synapse.access.http.8008 - 450 - INFO - GET-12 - ::ffff:172.17.0.1 - 8008 - {None} Processed request: 0.002sec/0.001sec (0.000sec, 0.000sec) (0.001sec/0.000sec/2) 22B 200 "GET /_matrix/client/r0/profile/%40userid_408%3Alocalhost HTTP/1.1" "Mozilla/5.0 (X11; Linux x86_64) AppleWebKit/537.36 (KHTML, like Gecko) Chrome/104.0.5112.79 Safari/537.36" [0 dbevts]
2022-08-16 06:45:09,863 - synapse.access.http.8008 - 450 - INFO - POST-13 - ::ffff:172.17.0.1 - 8008 - {@userid_408:localhost} Processed request: 0.006sec/0.001sec (0.004sec, 0.000sec) (0.001sec/0.001sec/4) 574B 200 "POST /_matrix/client/r0/keys/query HTTP/1.1" "Mozilla/5.0 (X11; Linux x86_64) AppleWebKit/537.36 (KHTML, like Gecko) Chrome/104.0.5112.79 Safari/537.36" [0 dbevts]
2022-08-16 06:45:09,877 - synapse.access.http.8008 - 450 - INFO - GET-14 - ::ffff:172.17.0.1 - 8008 - {None} Processed request: 0.002sec/0.001sec (0.000sec, 0.000sec) (0.001sec/0.000sec/2) 22B 200 "GET /_matrix/client/r0/profile/%40userid_408%3Alocalhost HTTP/1.1" "Mozilla/5.0 (X11; Linux x86_64) AppleWebKit/537.36 (KHTML, like Gecko) Chrome/104.0.5112.79 Safari/537.36" [0 dbevts]
2022-08-16 06:45:09,941 - synapse.access.http.8008 - 450 - INFO - GET-16 - ::ffff:172.17.0.1 - 8008 - {@userid_408:localhost} Processed request: 0.007sec/0.001sec (0.000sec, 0.000sec) (0.005sec/0.001sec/2) 279B 200 "GET /_matrix/client/r0/devices HTTP/1.1" "Mozilla/5.0 (X11; Linux x86_64) AppleWebKit/537.36 (KHTML, like Gecko) Chrome/104.0.5112.79 Safari/537.36" [0 dbevts]
2022-08-16 06:45:10,060 - synapse.access.http.8008 - 450 - INFO - POST-15 - ::ffff:172.17.0.1 - 8008 - {@userid_408:localhost} Processed request: 0.180sec/0.001sec (0.030sec, 0.003sec) (0.050sec/0.025sec/48) 43B 200 "POST /_matrix/client/r0/createRoom HTTP/1.1" "Mozilla/5.0 (X11; Linux x86_64) AppleWebKit/537.36 (KHTML, like Gecko) Chrome/104.0.5112.79 Safari/537.36" [0 dbevts]
2022-08-16 06:45:10,154 - synapse.handlers.sync - 691 - INFO - GET-17 - Failed to find any events in room !bVZGocnlDkmvKJmHPi:localhost at RoomStreamToken(topological=None, stream=1, instance_map=frozendict.frozendict({}))
2022-08-16 06:45:10,171 - synapse.access.http.8008 - 450 - INFO - GET-17 - ::ffff:172.17.0.1 - 8008 - {@userid_408:localhost} Processed request: 0.023sec/0.001sec (0.004sec, 0.000sec) (0.004sec/0.005sec/17) 2811B 200 "GET /_matrix/client/r0/sync?filter=0&timeout=30000&since=s1_2_0_1_1_1_1_4_0 HTTP/1.1" "Mozilla/5.0 (X11; Linux x86_64) AppleWebKit/537.36 (KHTML, like Gecko) Chrome/104.0.5112.79 Safari/537.36" [0 dbevts]
2022-08-16 06:45:10,220 - synapse.handlers.e2e_keys - 620 - INFO - POST-18 - Adding one_time_keys dict_keys(['signed_curve25519:AAAABQ', 'signed_curve25519:AAAABA', 'signed_curve25519:AAAAAw', 'signed_curve25519:AAAAAg', 'signed_curve25519:AAAAAQ']) for device 'HEGYUSZXTV' for user '@userid_408:localhost' at 1660632310220
2022-08-16 06:45:10,225 - synapse.access.http.8008 - 450 - INFO - POST-18 - ::ffff:172.17.0.1 - 8008 - {@userid_408:localhost} Processed request: 0.004sec/0.001sec (0.001sec, 0.000sec) (0.001sec/0.001sec/5) 47B 200 "POST /_matrix/client/r0/keys/upload HTTP/1.1" "Mozilla/5.0 (X11; Linux x86_64) AppleWebKit/537.36 (KHTML, like Gecko) Chrome/104.0.5112.79 Safari/537.36" [0 dbevts]
2022-08-16 06:45:10,316 - synapse.access.http.8008 - 450 - INFO - POST-19 - ::ffff:172.17.0.1 - 8008 - {@userid_408:localhost} Processed request: 0.005sec/0.001sec (0.000sec, 0.000sec) (0.002sec/0.001sec/3) 574B 200 "POST /_matrix/client/r0/keys/query HTTP/1.1" "Mozilla/5.0 (X11; Linux x86_64) AppleWebKit/537.36 (KHTML, like Gecko) Chrome/104.0.5112.79 Safari/537.36" [0 dbevts]
2022-08-16 06:45:10,317 - synapse.access.http.8008 - 450 - INFO - GET-20 - ::ffff:172.17.0.1 - 8008 - {None} Processed request: 0.003sec/0.002sec (0.000sec, 0.000sec) (0.001sec/0.001sec/2) 22B 200 "GET /_matrix/client/r0/profile/%40userid_408%3Alocalhost HTTP/1.1" "Mozilla/5.0 (X11; Linux x86_64) AppleWebKit/537.36 (KHTML, like Gecko) Chrome/104.0.5112.79 Safari/537.36" [0 dbevts]
2022-08-16 06:45:10,354 - synapse.rest.media.v1.media_repository - 210 - INFO - POST-22 - Stored local media in file '/data/media_store/local_content/QS/lb/ELHlWwBJuZDISRIRDjyH'
2022-08-16 06:45:10,355 - synapse.rest.media.v1.upload_resource - 104 - INFO - POST-22 - Uploaded content with URI 'mxc://localhost/QSlbELHlWwBJuZDISRIRDjyH'
2022-08-16 06:45:10,355 - synapse.access.http.8008 - 450 - INFO - POST-22 - ::ffff:172.17.0.1 - 8008 - {@userid_408:localhost} Processed request: 0.002sec/0.000sec (0.000sec, 0.000sec) (0.000sec/0.000sec/1) 58B 200 "POST /_matrix/media/r0/upload HTTP/1.1" "Mozilla/5.0 (X11; Linux x86_64) AppleWebKit/537.36 (KHTML, like Gecko) Chrome/104.0.5112.79 Safari/537.36" [0 dbevts]
2022-08-16 06:45:10,481 - synapse.access.http.8008 - 450 - INFO - PUT-23 - ::ffff:172.17.0.1 - 8008 - {@userid_408:localhost} Processed request: 0.013sec/0.001sec (0.000sec, 0.000sec) (0.002sec/0.002sec/15) 2B 200 "PUT /_matrix/client/r0/profile/%40userid_408%3Alocalhost/avatar_url HTTP/1.1" "Mozilla/5.0 (X11; Linux x86_64) AppleWebKit/537.36 (KHTML, like Gecko) Chrome/104.0.5112.79 Safari/537.36" [0 dbevts]
2022-08-16 06:45:10,496 - synapse.access.http.8008 - 450 - INFO - GET-21 - ::ffff:172.17.0.1 - 8008 - {@userid_408:localhost} Processed request: 0.177sec/0.000sec (0.002sec, 0.000sec) (0.007sec/0.003sec/13) 1562B 200 "GET /_matrix/client/r0/sync?filter=0&timeout=30000&since=s8_2_0_1_1_1_1_4_0 HTTP/1.1" "Mozilla/5.0 (X11; Linux x86_64) AppleWebKit/537.36 (KHTML, like Gecko) Chrome/104.0.5112.79 Safari/537.36" [0 dbevts]
2022-08-16 06:45:10,532 - synapse.access.http.8008 - 450 - INFO - GET-24 - ::ffff:172.17.0.1 - 8008 - {None} Processed request: 0.003sec/0.001sec (0.000sec, 0.000sec) (0.001sec/0.000sec/2) 78B 200 "GET /_matrix/client/r0/profile/%40userid_408%3Alocalhost HTTP/1.1" "Mozilla/5.0 (X11; Linux x86_64) AppleWebKit/537.36 (KHTML, like Gecko) Chrome/104.0.5112.79 Safari/537.36" [0 dbevts]
2022-08-16 06:45:10,536 - synapse.rest.media.v1.media_repository - 210 - INFO - POST-25 - Stored local media in file '/data/media_store/local_content/lR/lM/OIQthLsGrYwoYtmbYBcD'
2022-08-16 06:45:10,537 - synapse.rest.media.v1.upload_resource - 104 - INFO - POST-25 - Uploaded content with URI 'mxc://localhost/lRlMOIQthLsGrYwoYtmbYBcD'
2022-08-16 06:45:10,538 - synapse.access.http.8008 - 450 - INFO - POST-25 - ::ffff:172.17.0.1 - 8008 - {@userid_408:localhost} Processed request: 0.002sec/0.001sec (0.000sec, 0.000sec) (0.000sec/0.000sec/1) 58B 200 "POST /_matrix/media/r0/upload HTTP/1.1" "Mozilla/5.0 (X11; Linux x86_64) AppleWebKit/537.36 (KHTML, like Gecko) Chrome/104.0.5112.79 Safari/537.36" [0 dbevts]
2022-08-16 06:45:10,553 - synapse.storage.background_updates - 428 - INFO - background_updates-0 - Starting update batch on background update 'delete_old_current_state_events'
2022-08-16 06:45:10,555 - synapse.storage.databases.main.state - 550 - INFO - background_updates-0 - skipping rooms which are being created: set()
2022-08-16 06:45:10,555 - synapse.storage.databases.main.state - 566 - INFO - background_updates-0 - Deleting current state left rooms: set()
2022-08-16 06:45:10,556 - synapse.storage.background_updates - 471 - INFO - background_updates-0 - Running background update 'delete_old_current_state_events'. Processed 100 items in 2ms. (total_rate=50.0/ms, current_rate=50.0/ms, total_updated=100, batch_size=100)
2022-08-16 06:45:10,583 - synapse.access.http.8008 - 450 - INFO - POST-26 - ::ffff:172.17.0.1 - 8008 - {@userid_408:localhost} Processed request: 0.003sec/0.001sec (0.000sec, 0.000sec) (0.001sec/0.000sec/3) 574B 200 "POST /_matrix/client/r0/keys/query HTTP/1.1" "Mozilla/5.0 (X11; Linux x86_64) AppleWebKit/537.36 (KHTML, like Gecko) Chrome/104.0.5112.79 Safari/537.36" [0 dbevts]
2022-08-16 06:45:10,631 - synapse.access.http.8008 - 450 - INFO - GET-28 - ::ffff:172.17.0.1 - 8008 - {None} Processed request: 0.003sec/-0.000sec (0.000sec, 0.000sec) (0.001sec/0.000sec/1) 13B 200 "GET /_matrix/media/r0/download/localhost/QSlbELHlWwBJuZDISRIRDjyH HTTP/1.1" "Mozilla/5.0 (X11; Linux x86_64) AppleWebKit/537.36 (KHTML, like Gecko) Chrome/104.0.5112.79 Safari/537.36" [0 dbevts]
2022-08-16 06:45:10,636 - synapse.rest.media.v1.thumbnail_resource - 410 - INFO - GET-29 - Failed to find any generated thumbnails
2022-08-16 06:45:10,638 - synapse.access.http.8008 - 450 - INFO - GET-29 - ::ffff:172.17.0.1 - 8008 - {None} Processed request: 0.002sec/0.001sec (0.000sec, 0.000sec) (0.001sec/0.000sec/2) 348B 400 "GET /_matrix/media/r0/thumbnail/localhost/QSlbELHlWwBJuZDISRIRDjyH?width=32&height=32&method=crop HTTP/1.1" "Mozilla/5.0 (X11; Linux x86_64) AppleWebKit/537.36 (KHTML, like Gecko) Chrome/104.0.5112.79 Safari/537.36" [0 dbevts]
2022-08-16 06:45:10,644 - synapse.rest.media.v1.thumbnail_resource - 410 - INFO - GET-30 - Failed to find any generated thumbnails
2022-08-16 06:45:10,645 - synapse.access.http.8008 - 450 - INFO - GET-30 - ::ffff:172.17.0.1 - 8008 - {None} Processed request: 0.002sec/0.001sec (0.000sec, 0.000sec) (0.001sec/0.000sec/2) 348B 400 "GET /_matrix/media/r0/thumbnail/localhost/QSlbELHlWwBJuZDISRIRDjyH?width=52&height=52&method=crop HTTP/1.1" "Mozilla/5.0 (X11; Linux x86_64) AppleWebKit/537.36 (KHTML, like Gecko) Chrome/104.0.5112.79 Safari/537.36" [0 dbevts]
2022-08-16 06:45:10,670 - synapse.access.http.8008 - 450 - INFO - PUT-31 - ::ffff:172.17.0.1 - 8008 - {@userid_408:localhost} Processed request: 0.005sec/0.001sec (0.000sec, 0.000sec) (0.001sec/0.001sec/1) 2B 200 "PUT /_matrix/client/r0/user/%40userid_408%3Alocalhost/account_data/im.vector.web.settings HTTP/1.1" "Mozilla/5.0 (X11; Linux x86_64) AppleWebKit/537.36 (KHTML, like Gecko) Chrome/104.0.5112.79 Safari/537.36" [0 dbevts]
2022-08-16 06:45:10,675 - synapse.access.http.8008 - 450 - INFO - GET-27 - ::ffff:172.17.0.1 - 8008 - {@userid_408:localhost} Processed request: 0.088sec/0.001sec (0.002sec, 0.000sec) (0.001sec/0.002sec/2) 325B 200 "GET /_matrix/client/r0/sync?filter=0&timeout=30000&since=s9_2_0_1_1_1_1_4_0 HTTP/1.1" "Mozilla/5.0 (X11; Linux x86_64) AppleWebKit/537.36 (KHTML, like Gecko) Chrome/104.0.5112.79 Safari/537.36" [0 dbevts]
2022-08-16 06:45:10,775 - synapse.access.http.8008 - 450 - INFO - GET-32 - ::ffff:172.17.0.1 - 8008 - {None} Processed request: 0.003sec/0.001sec (0.000sec, 0.000sec) (0.001sec/0.000sec/2) 78B 200 "GET /_matrix/client/r0/profile/%40userid_408%3Alocalhost HTTP/1.1" "Mozilla/5.0 (X11; Linux x86_64) AppleWebKit/537.36 (KHTML, like Gecko) Chrome/104.0.5112.79 Safari/537.36" [0 dbevts]
2022-08-16 06:45:10,791 - synapse.access.http.8008 - 450 - INFO - GET-34 - ::ffff:172.17.0.1 - 8008 - {None} Processed request: 0.001sec/0.001sec (0.000sec, 0.000sec) (0.000sec/0.000sec/2) 78B 200 "GET /_matrix/client/r0/profile/%40userid_408%3Alocalhost HTTP/1.1" "Mozilla/5.0 (X11; Linux x86_64) AppleWebKit/537.36 (KHTML, like Gecko) Chrome/104.0.5112.79 Safari/537.36" [0 dbevts]
2022-08-16 06:45:10,811 - synapse.access.http.8008 - 450 - INFO - PUT-35 - ::ffff:172.17.0.1 - 8008 - {@userid_408:localhost} Processed request: 0.012sec/0.001sec (0.002sec, 0.000sec) (0.002sec/0.001sec/9) 59B 200 "PUT /_matrix/client/r0/rooms/!bVZGocnlDkmvKJmHPi%3Alocalhost/send/m.room.message/m1660632310772.0 HTTP/1.1" "Mozilla/5.0 (X11; Linux x86_64) AppleWebKit/537.36 (KHTML, like Gecko) Chrome/104.0.5112.79 Safari/537.36" [0 dbevts]
2022-08-16 06:45:10,819 - synapse.access.http.8008 - 450 - INFO - GET-33 - ::ffff:172.17.0.1 - 8008 - {@userid_408:localhost} Processed request: 0.033sec/0.001sec (0.003sec, 0.000sec) (0.001sec/0.001sec/1) 799B 200 "GET /_matrix/client/r0/sync?filter=0&timeout=30000&since=s9_2_0_1_2_1_1_4_0 HTTP/1.1" "Mozilla/5.0 (X11; Linux x86_64) AppleWebKit/537.36 (KHTML, like Gecko) Chrome/104.0.5112.79 Safari/537.36" [1 dbevts]
2022-08-16 06:45:10,910 - synapse.access.http.8008 - 450 - INFO - GET-37 - ::ffff:172.17.0.1 - 8008 - {@userid_408:localhost} Processed request: 0.003sec/0.000sec (0.000sec, 0.000sec) (0.000sec/0.002sec/2) 279B 200 "GET /_matrix/client/r0/devices HTTP/1.1" "Mozilla/5.0 (X11; Linux x86_64) AppleWebKit/537.36 (KHTML, like Gecko) Chrome/104.0.5112.79 Safari/537.36" [0 dbevts]
2022-08-16 06:45:10,916 - synapse.access.http.8008 - 450 - INFO - PUT-36 - ::ffff:172.17.0.1 - 8008 - {@userid_408:localhost} Processed request: 0.020sec/0.001sec (0.002sec, 0.000sec) (0.003sec/0.004sec/13) 2B 200 "PUT /_matrix/client/r0/profile/%40userid_408%3Alocalhost/displayname HTTP/1.1" "Mozilla/5.0 (X11; Linux x86_64) AppleWebKit/537.36 (KHTML, like Gecko) Chrome/104.0.5112.79 Safari/537.36" [0 dbevts]
2022-08-16 06:45:10,970 - synapse.access.http.8008 - 450 - INFO - GET-38 - ::ffff:172.17.0.1 - 8008 - {@userid_408:localhost} Processed request: 0.017sec/0.001sec (0.006sec, 0.000sec) (0.003sec/0.003sec/12) 1690B 200 "GET /_matrix/client/r0/sync?filter=0&timeout=30000&since=s10_2_0_1_2_1_1_4_0 HTTP/1.1" "Mozilla/5.0 (X11; Linux x86_64) AppleWebKit/537.36 (KHTML, like Gecko) Chrome/104.0.5112.79 Safari/537.36" [0 dbevts]
2022-08-16 06:45:11,002 - synapse.access.http.8008 - 450 - INFO - GET-39 - ::ffff:172.17.0.1 - 8008 - {None} Processed request: 0.002sec/0.001sec (0.000sec, 0.000sec) (0.001sec/0.000sec/2) 85B 200 "GET /_matrix/client/r0/profile/%40userid_408%3Alocalhost HTTP/1.1" "Mozilla/5.0 (X11; Linux x86_64) AppleWebKit/537.36 (KHTML, like Gecko) Chrome/104.0.5112.79 Safari/537.36" [0 dbevts]
2022-08-16 06:45:11,030 - synapse.access.http.8008 - 450 - INFO - PUT-40 - ::ffff:172.17.0.1 - 8008 - {@userid_408:localhost} Processed request: 0.024sec/0.001sec (0.002sec, 0.000sec) (0.004sec/0.004sec/18) 2B 200 "PUT /_matrix/client/r0/profile/%40userid_408%3Alocalhost/avatar_url HTTP/1.1" "Mozilla/5.0 (X11; Linux x86_64) AppleWebKit/537.36 (KHTML, like Gecko) Chrome/104.0.5112.79 Safari/537.36" [0 dbevts]
2022-08-16 06:45:11,133 - synapse.access.http.8008 - 450 - INFO - POST-41 - ::ffff:172.17.0.1 - 8008 - {@userid_408:localhost} Processed request: 0.004sec/0.001sec (0.000sec, 0.000sec) (0.001sec/0.001sec/3) 574B 200 "POST /_matrix/client/r0/keys/query HTTP/1.1" "Mozilla/5.0 (X11; Linux x86_64) AppleWebKit/537.36 (KHTML, like Gecko) Chrome/104.0.5112.79 Safari/537.36" [0 dbevts]
2022-08-16 06:45:11,151 - synapse.access.http.8008 - 450 - INFO - GET-42 - ::ffff:172.17.0.1 - 8008 - {@userid_408:localhost} Processed request: 0.015sec/0.001sec (0.003sec, 0.000sec) (0.003sec/0.002sec/12) 1706B 200 "GET /_matrix/client/r0/sync?filter=0&timeout=30000&since=s11_2_0_1_2_1_1_4_0 HTTP/1.1" "Mozilla/5.0 (X11; Linux x86_64) AppleWebKit/537.36 (KHTML, like Gecko) Chrome/104.0.5112.79 Safari/537.36" [0 dbevts]
2022-08-16 06:45:11,254 - synapse.access.http.8008 - 450 - INFO - GET-43 - ::ffff:172.17.0.1 - 8008 - {None} Processed request: 0.002sec/0.001sec (0.000sec, 0.000sec) (0.000sec/0.000sec/2) 85B 200 "GET /_matrix/client/r0/profile/%40userid_408%3Alocalhost HTTP/1.1" "Mozilla/5.0 (X11; Linux x86_64) AppleWebKit/537.36 (KHTML, like Gecko) Chrome/104.0.5112.79 Safari/537.36" [0 dbevts]
2022-08-16 06:45:11,295 - synapse.access.http.8008 - 450 - INFO - POST-44 - ::ffff:172.17.0.1 - 8008 - {@userid_408:localhost} Processed request: 0.003sec/0.001sec (0.001sec, 0.000sec) (0.001sec/0.000sec/3) 574B 200 "POST /_matrix/client/r0/keys/query HTTP/1.1" "Mozilla/5.0 (X11; Linux x86_64) AppleWebKit/537.36 (KHTML, like Gecko) Chrome/104.0.5112.79 Safari/537.36" [0 dbevts]
2022-08-16 06:45:11,339 - synapse.rest.media.v1.thumbnail_resource - 410 - INFO - GET-46 - Failed to find any generated thumbnails
2022-08-16 06:45:11,340 - synapse.access.http.8008 - 450 - INFO - GET-47 - ::ffff:172.17.0.1 - 8008 - {None} Processed request: 0.004sec/-0.000sec (0.000sec, 0.000sec) (0.001sec/0.000sec/1) 13B 200 "GET /_matrix/media/r0/download/localhost/lRlMOIQthLsGrYwoYtmbYBcD HTTP/1.1" "Mozilla/5.0 (X11; Linux x86_64) AppleWebKit/537.36 (KHTML, like Gecko) Chrome/104.0.5112.79 Safari/537.36" [0 dbevts]
2022-08-16 06:45:11,341 - synapse.access.http.8008 - 450 - INFO - GET-46 - ::ffff:172.17.0.1 - 8008 - {None} Processed request: 0.005sec/0.002sec (0.000sec, 0.000sec) (0.002sec/0.000sec/2) 348B 400 "GET /_matrix/media/r0/thumbnail/localhost/lRlMOIQthLsGrYwoYtmbYBcD?width=32&height=32&method=crop HTTP/1.1" "Mozilla/5.0 (X11; Linux x86_64) AppleWebKit/537.36 (KHTML, like Gecko) Chrome/104.0.5112.79 Safari/537.36" [0 dbevts]
2022-08-16 06:45:11,359 - synapse.rest.media.v1.thumbnail_resource - 410 - INFO - GET-48 - Failed to find any generated thumbnails
2022-08-16 06:45:11,360 - synapse.access.http.8008 - 450 - INFO - GET-48 - ::ffff:172.17.0.1 - 8008 - {None} Processed request: 0.002sec/0.001sec (0.000sec, 0.000sec) (0.001sec/0.000sec/2) 348B 400 "GET /_matrix/media/r0/thumbnail/localhost/lRlMOIQthLsGrYwoYtmbYBcD?width=52&height=52&method=crop HTTP/1.1" "Mozilla/5.0 (X11; Linux x86_64) AppleWebKit/537.36 (KHTML, like Gecko) Chrome/104.0.5112.79 Safari/537.36" [0 dbevts]
2022-08-16 06:45:11,483 - synapse.handlers.e2e_keys - 620 - INFO - POST-49 - Adding one_time_keys dict_keys(['signed_curve25519:AAAACw', 'signed_curve25519:AAAACg', 'signed_curve25519:AAAACQ', 'signed_curve25519:AAAACA', 'signed_curve25519:AAAABw']) for device 'HEGYUSZXTV' for user '@userid_408:localhost' at 1660632311482
2022-08-16 06:45:11,487 - synapse.access.http.8008 - 450 - INFO - POST-49 - ::ffff:172.17.0.1 - 8008 - {@userid_408:localhost} Processed request: 0.004sec/0.001sec (0.000sec, 0.000sec) (0.001sec/0.001sec/3) 48B 200 "POST /_matrix/client/r0/keys/upload HTTP/1.1" "Mozilla/5.0 (X11; Linux x86_64) AppleWebKit/537.36 (KHTML, like Gecko) Chrome/104.0.5112.79 Safari/537.36" [0 dbevts]
2022-08-16 06:45:11,494 - synapse.access.http.8008 - 450 - INFO - GET-50 - ::ffff:172.17.0.1 - 8008 - {None} Processed request: 0.002sec/0.001sec (0.000sec, 0.000sec) (0.001sec/0.000sec/2) 85B 200 "GET /_matrix/client/r0/profile/%40userid_408%3Alocalhost HTTP/1.1" "Mozilla/5.0 (X11; Linux x86_64) AppleWebKit/537.36 (KHTML, like Gecko) Chrome/104.0.5112.79 Safari/537.36" [0 dbevts]
2022-08-16 06:45:11,557 - synapse.storage.background_updates - 428 - INFO - background_updates-0 - Starting update batch on background update 'delete_old_current_state_events'
2022-08-16 06:45:11,560 - synapse.storage.background_updates - 471 - INFO - background_updates-0 - Running background update 'delete_old_current_state_events'. Processed 5000 items in 2ms. (total_rate=1275.0/ms, current_rate=1339.4736842105262/ms, total_updated=5100, batch_size=5000)
2022-08-16 06:45:11,633 - synapse.access.http.8008 - 450 - INFO - PUT-51 - ::ffff:172.17.0.1 - 8008 - {@userid_408:localhost} Processed request: 0.019sec/0.001sec (0.001sec, 0.000sec) (0.002sec/0.002sec/9) 59B 200 "PUT /_matrix/client/r0/rooms/!bVZGocnlDkmvKJmHPi%3Alocalhost/send/m.room.message/m1660632311601.1 HTTP/1.1" "Mozilla/5.0 (X11; Linux x86_64) AppleWebKit/537.36 (KHTML, like Gecko) Chrome/104.0.5112.79 Safari/537.36" [0 dbevts]
2022-08-16 06:45:11,641 - synapse.access.http.8008 - 450 - INFO - GET-45 - ::ffff:172.17.0.1 - 8008 - {@userid_408:localhost} Processed request: 0.344sec/0.001sec (0.007sec, 0.000sec) (0.002sec/0.001sec/1) 801B 200 "GET /_matrix/client/r0/sync?filter=0&timeout=30000&since=s12_2_0_1_2_1_1_4_0 HTTP/1.1" "Mozilla/5.0 (X11; Linux x86_64) AppleWebKit/537.36 (KHTML, like Gecko) Chrome/104.0.5112.79 Safari/537.36" [1 dbevts]
2022-08-16 06:45:11,855 - synapse.access.http.8008 - 450 - INFO - GET-53 - ::ffff:172.17.0.1 - 8008 - {None} Processed request: 0.002sec/0.001sec (0.000sec, 0.000sec) (0.000sec/0.000sec/2) 85B 200 "GET /_matrix/client/r0/profile/%40userid_408%3Alocalhost HTTP/1.1" "Mozilla/5.0 (X11; Linux x86_64) AppleWebKit/537.36 (KHTML, like Gecko) Chrome/104.0.5112.79 Safari/537.36" [0 dbevts]
2022-08-16 06:45:11,859 - synapse.access.http.8008 - 450 - INFO - PUT-54 - ::ffff:172.17.0.1 - 8008 - {@userid_408:localhost} Processed request: 0.000sec/0.001sec (0.000sec, 0.000sec) (0.000sec/0.000sec/0) 2B 200 "PUT /_matrix/client/r0/presence/%40userid_408%3Alocalhost/status HTTP/1.1" "Mozilla/5.0 (X11; Linux x86_64) AppleWebKit/537.36 (KHTML, like Gecko) Chrome/104.0.5112.79 Safari/537.36" [0 dbevts]
2022-08-16 06:45:11,903 - synapse.access.http.8008 - 450 - INFO - GET-55 - ::ffff:172.17.0.1 - 8008 - {@userid_408:localhost} Processed request: 0.001sec/0.001sec (0.000sec, 0.000sec) (0.000sec/0.000sec/0) 656B 200 "GET /_matrix/client/r0/capabilities HTTP/1.1" "Mozilla/5.0 (X11; Linux x86_64) AppleWebKit/537.36 (KHTML, like Gecko) Chrome/104.0.5112.79 Safari/537.36" [0 dbevts]
2022-08-16 06:45:12,151 - synapse.access.http.8008 - 450 - INFO - POST-56 - ::ffff:172.17.0.1 - 8008 - {@userid_408:localhost} Processed request: 0.006sec/0.001sec (0.003sec, 0.000sec) (0.000sec/0.002sec/2) 2B 200 "POST /_matrix/client/r0/rooms/!bVZGocnlDkmvKJmHPi%3Alocalhost/read_markers HTTP/1.1" "Mozilla/5.0 (X11; Linux x86_64) AppleWebKit/537.36 (KHTML, like Gecko) Chrome/104.0.5112.79 Safari/537.36" [0 dbevts]
2022-08-16 06:45:12,156 - synapse.rest.media.v1.thumbnail_resource - 410 - INFO - GET-57 - Failed to find any generated thumbnails
2022-08-16 06:45:12,163 - synapse.access.http.8008 - 450 - INFO - GET-57 - ::ffff:172.17.0.1 - 8008 - {None} Processed request: 0.010sec/0.006sec (0.002sec, 0.000sec) (0.003sec/0.004sec/2) 348B 400 "GET /_matrix/media/r0/thumbnail/localhost/lRlMOIQthLsGrYwoYtmbYBcD?width=14&height=14&method=crop HTTP/1.1" "Mozilla/5.0 (X11; Linux x86_64) AppleWebKit/537.36 (KHTML, like Gecko) Chrome/104.0.5112.79 Safari/537.36" [0 dbevts]
2022-08-16 06:45:12,165 - synapse.rest.media.v1.thumbnail_resource - 410 - INFO - GET-58 - Failed to find any generated thumbnails
2022-08-16 06:45:12,166 - synapse.rest.media.v1.thumbnail_resource - 410 - INFO - GET-59 - Failed to find any generated thumbnails
2022-08-16 06:45:12,166 - synapse.access.http.8008 - 450 - INFO - GET-52 - ::ffff:172.17.0.1 - 8008 - {@userid_408:localhost} Processed request: 0.404sec/0.004sec (0.004sec, 0.000sec) (0.003sec/0.003sec/2) 603B 200 "GET /_matrix/client/r0/sync?filter=0&timeout=30000&since=s13_2_0_1_2_1_1_4_0 HTTP/1.1" "Mozilla/5.0 (X11; Linux x86_64) AppleWebKit/537.36 (KHTML, like Gecko) Chrome/104.0.5112.79 Safari/537.36" [0 dbevts]
2022-08-16 06:45:12,167 - synapse.access.http.8008 - 450 - INFO - GET-58 - ::ffff:172.17.0.1 - 8008 - {None} Processed request: 0.012sec/0.001sec (0.001sec, 0.000sec) (0.003sec/0.003sec/2) 348B 400 "GET /_matrix/media/r0/thumbnail/localhost/lRlMOIQthLsGrYwoYtmbYBcD?width=30&height=30&method=crop HTTP/1.1" "Mozilla/5.0 (X11; Linux x86_64) AppleWebKit/537.36 (KHTML, like Gecko) Chrome/104.0.5112.79 Safari/537.36" [0 dbevts]
2022-08-16 06:45:12,167 - synapse.access.http.8008 - 450 - INFO - GET-59 - ::ffff:172.17.0.1 - 8008 - {None} Processed request: 0.011sec/0.002sec (0.000sec, 0.000sec) (0.005sec/0.000sec/2) 348B 400 "GET /_matrix/media/r0/thumbnail/localhost/QSlbELHlWwBJuZDISRIRDjyH?width=14&height=14&method=crop HTTP/1.1" "Mozilla/5.0 (X11; Linux x86_64) AppleWebKit/537.36 (KHTML, like Gecko) Chrome/104.0.5112.79 Safari/537.36" [0 dbevts]
2022-08-16 06:45:12,170 - synapse.access.http.8008 - 450 - INFO - PUT-60 - ::ffff:172.17.0.1 - 8008 - {@userid_408:localhost} Processed request: 0.005sec/0.000sec (0.001sec, 0.000sec) (0.000sec/0.003sec/1) 2B 200 "PUT /_matrix/client/r0/user/%40userid_408%3Alocalhost/account_data/im.vector.setting.breadcrumbs HTTP/1.1" "Mozilla/5.0 (X11; Linux x86_64) AppleWebKit/537.36 (KHTML, like Gecko) Chrome/104.0.5112.79 Safari/537.36" [0 dbevts]
2022-08-16 06:45:12,237 - synapse.access.http.8008 - 450 - INFO - GET-61 - ::ffff:172.17.0.1 - 8008 - {@userid_408:localhost} Processed request: 0.003sec/0.000sec (0.000sec, 0.000sec) (0.001sec/0.000sec/2) 831B 200 "GET /_matrix/client/r0/rooms/!bVZGocnlDkmvKJmHPi%3Alocalhost/members?not_membership=leave&at=s13_2_0_1_2_1_1_4_0 HTTP/1.1" "Mozilla/5.0 (X11; Linux x86_64) AppleWebKit/537.36 (KHTML, like Gecko) Chrome/104.0.5112.79 Safari/537.36" [0 dbevts]
2022-08-16 06:45:12,367 - synapse.access.http.8008 - 450 - INFO - GET-62 - ::ffff:172.17.0.1 - 8008 - {@userid_408:localhost} Processed request: 0.007sec/0.001sec (0.001sec, 0.000sec) (0.001sec/0.001sec/4) 409B 200 "GET /_matrix/client/r0/rooms/!bVZGocnlDkmvKJmHPi%3Alocalhost/messages?limit=20&dir=b&from=s2_2_0_1_1_1_1_4_0&filter=%7B%22lazy_load_members%22%3Atrue%7D HTTP/1.1" "Mozilla/5.0 (X11; Linux x86_64) AppleWebKit/537.36 (KHTML, like Gecko) Chrome/104.0.5112.79 Safari/537.36" [0 dbevts]
2022-08-16 06:45:12,502 - synapse.access.http.8008 - 450 - INFO - GET-63 - ::ffff:172.17.0.1 - 8008 - {@userid_408:localhost} Processed request: 0.003sec/0.001sec (0.000sec, 0.000sec) (0.001sec/0.001sec/2) 279B 200 "GET /_matrix/client/r0/devices HTTP/1.1" "Mozilla/5.0 (X11; Linux x86_64) AppleWebKit/537.36 (KHTML, like Gecko) Chrome/104.0.5112.79 Safari/537.36" [0 dbevts]
2022-08-16 06:45:12,562 - synapse.storage.background_updates - 428 - INFO - background_updates-0 - Starting update batch on background update 'devices_last_seen'
2022-08-16 06:45:12,565 - synapse.storage.background_updates - 471 - INFO - background_updates-0 - Running background update 'devices_last_seen'. Processed 1 items in 2ms. (total_rate=0.5/ms, current_rate=0.5/ms, total_updated=1, batch_size=100)
2022-08-16 06:45:12,622 - synapse.access.http.8008 - 450 - INFO - GET-64 - ::ffff:172.17.0.1 - 8008 - {@userid_408:localhost} Processed request: 0.005sec/0.001sec (0.003sec, 0.000sec) (0.001sec/0.000sec/2) 353B 200 "GET /_matrix/client/r0/sync?filter=0&timeout=30000&since=s13_2_0_1_3_1_1_4_0 HTTP/1.1" "Mozilla/5.0 (X11; Linux x86_64) AppleWebKit/537.36 (KHTML, like Gecko) Chrome/104.0.5112.79 Safari/537.36" [0 dbevts]
